{"/Users/umar/projects/Rello/src/components/NoSearchResult.tsx": {"path":"/Users/umar/projects/Rello/src/components/NoSearchResult.tsx","statementMap":{"0":{"start":{"line":5,"column":4},"end":{"line":11,"column":6}},"1":{"start":{"line":16,"column":18},"end":{"line":20,"column":1}},"2":{"start":{"line":22,"column":13},"end":{"line":24,"column":1}}},"fnMap":{"0":{"name":"NoSearchResult","decl":{"start":{"line":4,"column":9},"end":{"line":4,"column":23}},"loc":{"start":{"line":4,"column":49},"end":{"line":12,"column":1}},"line":4}},"branchMap":{"0":{"loc":{"start":{"line":8,"column":12},"end":{"line":8,"column":37}},"type":"cond-expr","locations":[{"start":{"line":8,"column":18},"end":{"line":8,"column":22}},{"start":{"line":8,"column":25},"end":{"line":8,"column":37}}],"line":8}},"s":{"0":1,"1":1,"2":1},"f":{"0":1},"b":{"0":[0,1]},"_coverageSchema":"1a1c01bbd47fc00a2c39e90264f33305004495a9","hash":"edf56b0c8185272b2e1a534656d3552efa9a249d"}
,"/Users/umar/projects/Rello/src/models/SecureStore.ts": {"path":"/Users/umar/projects/Rello/src/models/SecureStore.ts","statementMap":{"0":{"start":{"line":14,"column":16},"end":{"line":14,"column":28}},"1":{"start":{"line":15,"column":19},"end":{"line":15,"column":35}},"2":{"start":{"line":16,"column":31},"end":{"line":16,"column":53}},"3":{"start":{"line":17,"column":18},"end":{"line":17,"column":33}},"4":{"start":{"line":18,"column":31},"end":{"line":18,"column":53}},"5":{"start":{"line":19,"column":15},"end":{"line":19,"column":27}},"6":{"start":{"line":20,"column":17},"end":{"line":20,"column":29}},"7":{"start":{"line":23,"column":2},"end":{"line":23,"column":52}},"8":{"start":{"line":27,"column":2},"end":{"line":27,"column":52}},"9":{"start":{"line":31,"column":4},"end":{"line":31,"column":53}},"10":{"start":{"line":35,"column":4},"end":{"line":35,"column":53}},"11":{"start":{"line":39,"column":3},"end":{"line":39,"column":48}},"12":{"start":{"line":44,"column":3},"end":{"line":44,"column":75}},"13":{"start":{"line":48,"column":2},"end":{"line":48,"column":92}},"14":{"start":{"line":53,"column":31},"end":{"line":53,"column":82}},"15":{"start":{"line":54,"column":25},"end":{"line":54,"column":79}},"16":{"start":{"line":55,"column":3},"end":{"line":55,"column":43}},"17":{"start":{"line":59,"column":35},"end":{"line":59,"column":98}},"18":{"start":{"line":60,"column":30},"end":{"line":60,"column":90}},"19":{"start":{"line":61,"column":2},"end":{"line":61,"column":54}},"20":{"start":{"line":66,"column":3},"end":{"line":66,"column":73}},"21":{"start":{"line":70,"column":2},"end":{"line":70,"column":95}},"22":{"start":{"line":75,"column":38},"end":{"line":75,"column":101}},"23":{"start":{"line":76,"column":33},"end":{"line":76,"column":94}},"24":{"start":{"line":77,"column":2},"end":{"line":77,"column":61}},"25":{"start":{"line":82,"column":29},"end":{"line":82,"column":79}},"26":{"start":{"line":83,"column":24},"end":{"line":83,"column":75}},"27":{"start":{"line":84,"column":3},"end":{"line":84,"column":41}},"28":{"start":{"line":88,"column":3},"end":{"line":88,"column":67}},"29":{"start":{"line":93,"column":26},"end":{"line":93,"column":73}},"30":{"start":{"line":94,"column":21},"end":{"line":94,"column":70}},"31":{"start":{"line":95,"column":3},"end":{"line":95,"column":35}}},"fnMap":{"0":{"name":"(anonymous_0)","decl":{"start":{"line":22,"column":0},"end":{"line":22,"column":1}},"loc":{"start":{"line":22,"column":38},"end":{"line":24,"column":1}},"line":22},"1":{"name":"(anonymous_1)","decl":{"start":{"line":26,"column":0},"end":{"line":26,"column":1}},"loc":{"start":{"line":26,"column":22},"end":{"line":28,"column":1}},"line":26},"2":{"name":"(anonymous_2)","decl":{"start":{"line":30,"column":1},"end":{"line":30,"column":2}},"loc":{"start":{"line":30,"column":32},"end":{"line":32,"column":2}},"line":30},"3":{"name":"(anonymous_3)","decl":{"start":{"line":34,"column":1},"end":{"line":34,"column":2}},"loc":{"start":{"line":34,"column":42},"end":{"line":36,"column":2}},"line":34},"4":{"name":"(anonymous_4)","decl":{"start":{"line":38,"column":1},"end":{"line":38,"column":2}},"loc":{"start":{"line":38,"column":21},"end":{"line":40,"column":2}},"line":38},"5":{"name":"(anonymous_5)","decl":{"start":{"line":43,"column":1},"end":{"line":43,"column":2}},"loc":{"start":{"line":43,"column":61},"end":{"line":45,"column":2}},"line":43},"6":{"name":"(anonymous_6)","decl":{"start":{"line":47,"column":1},"end":{"line":47,"column":2}},"loc":{"start":{"line":47,"column":72},"end":{"line":49,"column":2}},"line":47},"7":{"name":"(anonymous_7)","decl":{"start":{"line":52,"column":1},"end":{"line":52,"column":2}},"loc":{"start":{"line":52,"column":29},"end":{"line":56,"column":2}},"line":52},"8":{"name":"(anonymous_8)","decl":{"start":{"line":58,"column":1},"end":{"line":58,"column":2}},"loc":{"start":{"line":58,"column":35},"end":{"line":62,"column":2}},"line":58},"9":{"name":"(anonymous_9)","decl":{"start":{"line":65,"column":1},"end":{"line":65,"column":2}},"loc":{"start":{"line":65,"column":58},"end":{"line":67,"column":2}},"line":65},"10":{"name":"(anonymous_10)","decl":{"start":{"line":69,"column":1},"end":{"line":69,"column":2}},"loc":{"start":{"line":69,"column":79},"end":{"line":71,"column":2}},"line":69},"11":{"name":"(anonymous_11)","decl":{"start":{"line":74,"column":1},"end":{"line":74,"column":2}},"loc":{"start":{"line":74,"column":39},"end":{"line":78,"column":2}},"line":74},"12":{"name":"(anonymous_12)","decl":{"start":{"line":81,"column":1},"end":{"line":81,"column":2}},"loc":{"start":{"line":81,"column":30},"end":{"line":85,"column":2}},"line":81},"13":{"name":"(anonymous_13)","decl":{"start":{"line":87,"column":1},"end":{"line":87,"column":2}},"loc":{"start":{"line":87,"column":53},"end":{"line":89,"column":2}},"line":87},"14":{"name":"(anonymous_14)","decl":{"start":{"line":92,"column":1},"end":{"line":92,"column":2}},"loc":{"start":{"line":92,"column":27},"end":{"line":96,"column":2}},"line":92}},"branchMap":{"0":{"loc":{"start":{"line":55,"column":10},"end":{"line":55,"column":43}},"type":"cond-expr","locations":[{"start":{"line":55,"column":25},"end":{"line":55,"column":38}},{"start":{"line":55,"column":41},"end":{"line":55,"column":43}}],"line":55},"1":{"loc":{"start":{"line":61,"column":9},"end":{"line":61,"column":54}},"type":"cond-expr","locations":[{"start":{"line":61,"column":30},"end":{"line":61,"column":49}},{"start":{"line":61,"column":52},"end":{"line":61,"column":54}}],"line":61},"2":{"loc":{"start":{"line":77,"column":9},"end":{"line":77,"column":61}},"type":"cond-expr","locations":[{"start":{"line":77,"column":34},"end":{"line":77,"column":56}},{"start":{"line":77,"column":59},"end":{"line":77,"column":61}}],"line":77},"3":{"loc":{"start":{"line":84,"column":10},"end":{"line":84,"column":41}},"type":"cond-expr","locations":[{"start":{"line":84,"column":24},"end":{"line":84,"column":36}},{"start":{"line":84,"column":39},"end":{"line":84,"column":41}}],"line":84},"4":{"loc":{"start":{"line":95,"column":10},"end":{"line":95,"column":35}},"type":"cond-expr","locations":[{"start":{"line":95,"column":21},"end":{"line":95,"column":30}},{"start":{"line":95,"column":33},"end":{"line":95,"column":35}}],"line":95}},"s":{"0":2,"1":2,"2":2,"3":2,"4":2,"5":2,"6":2,"7":0,"8":0,"9":0,"10":20,"11":0,"12":1,"13":2,"14":0,"15":0,"16":0,"17":0,"18":0,"19":0,"20":1,"21":2,"22":0,"23":0,"24":0,"25":1,"26":1,"27":1,"28":0,"29":0,"30":0,"31":0},"f":{"0":0,"1":0,"2":0,"3":20,"4":0,"5":1,"6":2,"7":0,"8":0,"9":1,"10":2,"11":0,"12":1,"13":0,"14":0},"b":{"0":[0,0],"1":[0,0],"2":[0,0],"3":[1,0],"4":[0,0]},"_coverageSchema":"1a1c01bbd47fc00a2c39e90264f33305004495a9","hash":"933ba1bc3a354441fb8eef4c701f391502716cc5"}
,"/Users/umar/projects/Rello/src/services/Auth.ts": {"path":"/Users/umar/projects/Rello/src/services/Auth.ts","statementMap":{"0":{"start":{"line":41,"column":8},"end":{"line":41,"column":15}},"1":{"start":{"line":45,"column":7},"end":{"line":51,"column":8}},"2":{"start":{"line":46,"column":23},"end":{"line":46,"column":89}},"3":{"start":{"line":47,"column":8},"end":{"line":47,"column":34}},"4":{"start":{"line":48,"column":8},"end":{"line":48,"column":48}},"5":{"start":{"line":50,"column":12},"end":{"line":50,"column":23}},"6":{"start":{"line":57,"column":8},"end":{"line":63,"column":9}},"7":{"start":{"line":58,"column":24},"end":{"line":58,"column":97}},"8":{"start":{"line":59,"column":9},"end":{"line":59,"column":35}},"9":{"start":{"line":60,"column":9},"end":{"line":60,"column":49}},"10":{"start":{"line":62,"column":12},"end":{"line":62,"column":23}},"11":{"start":{"line":68,"column":7},"end":{"line":68,"column":38}},"12":{"start":{"line":72,"column":8},"end":{"line":77,"column":9}},"13":{"start":{"line":73,"column":33},"end":{"line":73,"column":89}},"14":{"start":{"line":74,"column":8},"end":{"line":74,"column":27}},"15":{"start":{"line":76,"column":12},"end":{"line":76,"column":28}},"16":{"start":{"line":81,"column":8},"end":{"line":88,"column":9}},"17":{"start":{"line":82,"column":26},"end":{"line":82,"column":64}},"18":{"start":{"line":83,"column":25},"end":{"line":83,"column":48}},"19":{"start":{"line":84,"column":27},"end":{"line":84,"column":78}},"20":{"start":{"line":85,"column":12},"end":{"line":85,"column":23}},"21":{"start":{"line":87,"column":12},"end":{"line":87,"column":23}},"22":{"start":{"line":92,"column":8},"end":{"line":98,"column":9}},"23":{"start":{"line":93,"column":28},"end":{"line":93,"column":72}},"24":{"start":{"line":94,"column":23},"end":{"line":94,"column":77}},"25":{"start":{"line":96,"column":12},"end":{"line":96,"column":31}},"26":{"start":{"line":97,"column":12},"end":{"line":97,"column":23}},"27":{"start":{"line":102,"column":8},"end":{"line":107,"column":9}},"28":{"start":{"line":103,"column":27},"end":{"line":103,"column":87}},"29":{"start":{"line":104,"column":11},"end":{"line":104,"column":22}},"30":{"start":{"line":106,"column":12},"end":{"line":106,"column":23}},"31":{"start":{"line":111,"column":8},"end":{"line":117,"column":9}},"32":{"start":{"line":112,"column":26},"end":{"line":112,"column":109}},"33":{"start":{"line":113,"column":10},"end":{"line":113,"column":36}},"34":{"start":{"line":114,"column":10},"end":{"line":114,"column":50}},"35":{"start":{"line":116,"column":12},"end":{"line":116,"column":23}}},"fnMap":{"0":{"name":"(anonymous_0)","decl":{"start":{"line":40,"column":4},"end":{"line":40,"column":5}},"loc":{"start":{"line":40,"column":17},"end":{"line":42,"column":5}},"line":40},"1":{"name":"(anonymous_1)","decl":{"start":{"line":44,"column":3},"end":{"line":44,"column":4}},"loc":{"start":{"line":44,"column":35},"end":{"line":53,"column":5}},"line":44},"2":{"name":"(anonymous_2)","decl":{"start":{"line":55,"column":4},"end":{"line":55,"column":5}},"loc":{"start":{"line":55,"column":37},"end":{"line":65,"column":6}},"line":55},"3":{"name":"(anonymous_3)","decl":{"start":{"line":67,"column":5},"end":{"line":67,"column":6}},"loc":{"start":{"line":67,"column":20},"end":{"line":69,"column":6}},"line":67},"4":{"name":"(anonymous_4)","decl":{"start":{"line":71,"column":5},"end":{"line":71,"column":6}},"loc":{"start":{"line":71,"column":91},"end":{"line":78,"column":6}},"line":71},"5":{"name":"(anonymous_5)","decl":{"start":{"line":80,"column":5},"end":{"line":80,"column":6}},"loc":{"start":{"line":80,"column":27},"end":{"line":89,"column":6}},"line":80},"6":{"name":"(anonymous_6)","decl":{"start":{"line":91,"column":5},"end":{"line":91,"column":6}},"loc":{"start":{"line":91,"column":26},"end":{"line":99,"column":6}},"line":91},"7":{"name":"(anonymous_7)","decl":{"start":{"line":101,"column":5},"end":{"line":101,"column":6}},"loc":{"start":{"line":101,"column":54},"end":{"line":108,"column":6}},"line":101},"8":{"name":"(anonymous_8)","decl":{"start":{"line":110,"column":5},"end":{"line":110,"column":6}},"loc":{"start":{"line":110,"column":50},"end":{"line":118,"column":6}},"line":110}},"branchMap":{},"s":{"0":2,"1":0,"2":0,"3":0,"4":0,"5":0,"6":0,"7":0,"8":0,"9":0,"10":0,"11":0,"12":8,"13":8,"14":0,"15":8,"16":8,"17":8,"18":8,"19":8,"20":8,"21":0,"22":0,"23":0,"24":0,"25":0,"26":0,"27":0,"28":0,"29":0,"30":0,"31":0,"32":0,"33":0,"34":0,"35":0},"f":{"0":2,"1":0,"2":0,"3":0,"4":8,"5":8,"6":0,"7":0,"8":0},"b":{},"_coverageSchema":"1a1c01bbd47fc00a2c39e90264f33305004495a9","hash":"7805e9f259dadbb8c47c904ab8cf05b0eef778a8"}
,"/Users/umar/projects/Rello/src/services/DiscountService.ts": {"path":"/Users/umar/projects/Rello/src/services/DiscountService.ts","statementMap":{"0":{"start":{"line":12,"column":8},"end":{"line":12,"column":15}},"1":{"start":{"line":16,"column":8},"end":{"line":24,"column":9}},"2":{"start":{"line":17,"column":26},"end":{"line":17,"column":89}},"3":{"start":{"line":19,"column":10},"end":{"line":19,"column":51}},"4":{"start":{"line":20,"column":10},"end":{"line":20,"column":21}},"5":{"start":{"line":22,"column":38},"end":{"line":22,"column":78}},"6":{"start":{"line":23,"column":10},"end":{"line":23,"column":35}},"7":{"start":{"line":28,"column":6},"end":{"line":34,"column":7}},"8":{"start":{"line":29,"column":23},"end":{"line":29,"column":84}},"9":{"start":{"line":30,"column":8},"end":{"line":30,"column":19}},"10":{"start":{"line":32,"column":8},"end":{"line":32,"column":19}},"11":{"start":{"line":38,"column":6},"end":{"line":48,"column":7}},"12":{"start":{"line":39,"column":22},"end":{"line":39,"column":49}},"13":{"start":{"line":40,"column":23},"end":{"line":40,"column":106}},"14":{"start":{"line":43,"column":8},"end":{"line":43,"column":54}},"15":{"start":{"line":44,"column":8},"end":{"line":44,"column":19}},"16":{"start":{"line":46,"column":39},"end":{"line":46,"column":85}},"17":{"start":{"line":47,"column":8},"end":{"line":47,"column":37}},"18":{"start":{"line":52,"column":8},"end":{"line":58,"column":9}},"19":{"start":{"line":53,"column":23},"end":{"line":53,"column":50}},"20":{"start":{"line":54,"column":25},"end":{"line":54,"column":112}},"21":{"start":{"line":55,"column":10},"end":{"line":55,"column":21}},"22":{"start":{"line":57,"column":10},"end":{"line":57,"column":21}}},"fnMap":{"0":{"name":"(anonymous_0)","decl":{"start":{"line":11,"column":4},"end":{"line":11,"column":5}},"loc":{"start":{"line":11,"column":17},"end":{"line":13,"column":5}},"line":11},"1":{"name":"(anonymous_1)","decl":{"start":{"line":15,"column":3},"end":{"line":15,"column":4}},"loc":{"start":{"line":15,"column":30},"end":{"line":25,"column":5}},"line":15},"2":{"name":"(anonymous_2)","decl":{"start":{"line":27,"column":4},"end":{"line":27,"column":5}},"loc":{"start":{"line":27,"column":50},"end":{"line":35,"column":5}},"line":27},"3":{"name":"(anonymous_3)","decl":{"start":{"line":37,"column":4},"end":{"line":37,"column":5}},"loc":{"start":{"line":37,"column":34},"end":{"line":49,"column":5}},"line":37},"4":{"name":"(anonymous_4)","decl":{"start":{"line":51,"column":4},"end":{"line":51,"column":5}},"loc":{"start":{"line":51,"column":43},"end":{"line":59,"column":5}},"line":51}},"branchMap":{},"s":{"0":2,"1":1,"2":1,"3":1,"4":1,"5":0,"6":0,"7":1,"8":1,"9":1,"10":0,"11":2,"12":2,"13":2,"14":2,"15":2,"16":0,"17":0,"18":2,"19":2,"20":2,"21":1,"22":1},"f":{"0":2,"1":1,"2":1,"3":2,"4":2},"b":{},"_coverageSchema":"1a1c01bbd47fc00a2c39e90264f33305004495a9","hash":"a54f784401302523d3a1bfb087886771fdbaa87b"}
,"/Users/umar/projects/Rello/src/services/GiftService.ts": {"path":"/Users/umar/projects/Rello/src/services/GiftService.ts","statementMap":{"0":{"start":{"line":8,"column":8},"end":{"line":8,"column":15}},"1":{"start":{"line":12,"column":8},"end":{"line":19,"column":9}},"2":{"start":{"line":13,"column":26},"end":{"line":13,"column":82}},"3":{"start":{"line":14,"column":11},"end":{"line":14,"column":48}},"4":{"start":{"line":15,"column":11},"end":{"line":15,"column":22}},"5":{"start":{"line":17,"column":35},"end":{"line":17,"column":72}},"6":{"start":{"line":18,"column":12},"end":{"line":18,"column":33}}},"fnMap":{"0":{"name":"(anonymous_0)","decl":{"start":{"line":7,"column":4},"end":{"line":7,"column":5}},"loc":{"start":{"line":7,"column":17},"end":{"line":9,"column":5}},"line":7},"1":{"name":"(anonymous_1)","decl":{"start":{"line":11,"column":4},"end":{"line":11,"column":5}},"loc":{"start":{"line":11,"column":27},"end":{"line":20,"column":5}},"line":11}},"branchMap":{},"s":{"0":2,"1":0,"2":0,"3":0,"4":0,"5":0,"6":0},"f":{"0":2,"1":0},"b":{},"_coverageSchema":"1a1c01bbd47fc00a2c39e90264f33305004495a9","hash":"904bfa99ebaa2f9f6dc3cb4167a085c36a54e8d5"}
,"/Users/umar/projects/Rello/src/services/Https.ts": {"path":"/Users/umar/projects/Rello/src/services/Https.ts","statementMap":{"0":{"start":{"line":6,"column":19},"end":{"line":6,"column":28}},"1":{"start":{"line":7,"column":20},"end":{"line":7,"column":30}},"2":{"start":{"line":8,"column":19},"end":{"line":8,"column":28}},"3":{"start":{"line":9,"column":21},"end":{"line":9,"column":32}},"4":{"start":{"line":10,"column":22},"end":{"line":10,"column":34}},"5":{"start":{"line":13,"column":8},"end":{"line":13,"column":64}},"6":{"start":{"line":14,"column":8},"end":{"line":14,"column":24}},"7":{"start":{"line":18,"column":8},"end":{"line":18,"column":74}},"8":{"start":{"line":24,"column":22},"end":{"line":24,"column":71}},"9":{"start":{"line":25,"column":8},"end":{"line":25,"column":74}}},"fnMap":{"0":{"name":"(anonymous_0)","decl":{"start":{"line":12,"column":3},"end":{"line":12,"column":4}},"loc":{"start":{"line":12,"column":17},"end":{"line":15,"column":5}},"line":12},"1":{"name":"(anonymous_1)","decl":{"start":{"line":17,"column":3},"end":{"line":17,"column":4}},"loc":{"start":{"line":17,"column":27},"end":{"line":19,"column":5}},"line":17},"2":{"name":"(anonymous_2)","decl":{"start":{"line":23,"column":4},"end":{"line":23,"column":5}},"loc":{"start":{"line":23,"column":21},"end":{"line":26,"column":5}},"line":23}},"branchMap":{},"s":{"0":12,"1":12,"2":12,"3":12,"4":12,"5":12,"6":12,"7":0,"8":12,"9":12},"f":{"0":12,"1":0,"2":12},"b":{},"_coverageSchema":"1a1c01bbd47fc00a2c39e90264f33305004495a9","hash":"cfa8d72aad97675c1b6a0d9bca3c621253eb2b7f"}
,"/Users/umar/projects/Rello/src/services/LoyaltyService.ts": {"path":"/Users/umar/projects/Rello/src/services/LoyaltyService.ts","statementMap":{"0":{"start":{"line":10,"column":8},"end":{"line":10,"column":15}},"1":{"start":{"line":14,"column":8},"end":{"line":22,"column":9}},"2":{"start":{"line":15,"column":26},"end":{"line":15,"column":87}},"3":{"start":{"line":16,"column":11},"end":{"line":16,"column":51}},"4":{"start":{"line":18,"column":11},"end":{"line":18,"column":22}},"5":{"start":{"line":20,"column":38},"end":{"line":20,"column":78}},"6":{"start":{"line":21,"column":12},"end":{"line":21,"column":36}},"7":{"start":{"line":27,"column":8},"end":{"line":32,"column":9}},"8":{"start":{"line":28,"column":26},"end":{"line":28,"column":84}},"9":{"start":{"line":29,"column":11},"end":{"line":29,"column":22}},"10":{"start":{"line":31,"column":12},"end":{"line":31,"column":23}},"11":{"start":{"line":36,"column":8},"end":{"line":44,"column":9}},"12":{"start":{"line":37,"column":24},"end":{"line":37,"column":51}},"13":{"start":{"line":38,"column":26},"end":{"line":38,"column":106}},"14":{"start":{"line":39,"column":11},"end":{"line":39,"column":63}},"15":{"start":{"line":40,"column":10},"end":{"line":40,"column":21}},"16":{"start":{"line":42,"column":48},"end":{"line":42,"column":98}},"17":{"start":{"line":43,"column":12},"end":{"line":43,"column":46}},"18":{"start":{"line":49,"column":8},"end":{"line":55,"column":9}},"19":{"start":{"line":50,"column":25},"end":{"line":50,"column":52}},"20":{"start":{"line":51,"column":27},"end":{"line":51,"column":112}},"21":{"start":{"line":52,"column":11},"end":{"line":52,"column":22}},"22":{"start":{"line":54,"column":12},"end":{"line":54,"column":23}},"23":{"start":{"line":59,"column":8},"end":{"line":65,"column":9}},"24":{"start":{"line":60,"column":26},"end":{"line":60,"column":106}},"25":{"start":{"line":61,"column":10},"end":{"line":61,"column":21}},"26":{"start":{"line":63,"column":12},"end":{"line":63,"column":49}},"27":{"start":{"line":64,"column":12},"end":{"line":64,"column":23}}},"fnMap":{"0":{"name":"(anonymous_0)","decl":{"start":{"line":9,"column":4},"end":{"line":9,"column":5}},"loc":{"start":{"line":9,"column":17},"end":{"line":11,"column":5}},"line":9},"1":{"name":"(anonymous_1)","decl":{"start":{"line":13,"column":3},"end":{"line":13,"column":4}},"loc":{"start":{"line":13,"column":29},"end":{"line":23,"column":5}},"line":13},"2":{"name":"(anonymous_2)","decl":{"start":{"line":26,"column":4},"end":{"line":26,"column":5}},"loc":{"start":{"line":26,"column":47},"end":{"line":33,"column":5}},"line":26},"3":{"name":"(anonymous_3)","decl":{"start":{"line":35,"column":4},"end":{"line":35,"column":5}},"loc":{"start":{"line":35,"column":28},"end":{"line":45,"column":5}},"line":35},"4":{"name":"(anonymous_4)","decl":{"start":{"line":48,"column":4},"end":{"line":48,"column":5}},"loc":{"start":{"line":48,"column":42},"end":{"line":56,"column":5}},"line":48},"5":{"name":"(anonymous_5)","decl":{"start":{"line":58,"column":4},"end":{"line":58,"column":5}},"loc":{"start":{"line":58,"column":39},"end":{"line":66,"column":5}},"line":58}},"branchMap":{},"s":{"0":2,"1":2,"2":2,"3":1,"4":1,"5":1,"6":1,"7":2,"8":2,"9":1,"10":1,"11":2,"12":2,"13":2,"14":2,"15":2,"16":0,"17":0,"18":2,"19":2,"20":2,"21":1,"22":1,"23":0,"24":0,"25":0,"26":0,"27":0},"f":{"0":2,"1":2,"2":2,"3":2,"4":2,"5":0},"b":{},"_coverageSchema":"1a1c01bbd47fc00a2c39e90264f33305004495a9","hash":"c989396d292e0f37680d8ac6c0b581a73ca15c64"}
,"/Users/umar/projects/Rello/src/services/ProductAuthService.tsx": {"path":"/Users/umar/projects/Rello/src/services/ProductAuthService.tsx","statementMap":{"0":{"start":{"line":7,"column":8},"end":{"line":12,"column":9}},"1":{"start":{"line":8,"column":27},"end":{"line":8,"column":81}},"2":{"start":{"line":9,"column":12},"end":{"line":9,"column":23}},"3":{"start":{"line":11,"column":12},"end":{"line":11,"column":23}},"4":{"start":{"line":16,"column":8},"end":{"line":20,"column":9}},"5":{"start":{"line":17,"column":12},"end":{"line":17,"column":63}},"6":{"start":{"line":19,"column":12},"end":{"line":19,"column":23}}},"fnMap":{"0":{"name":"(anonymous_0)","decl":{"start":{"line":6,"column":3},"end":{"line":6,"column":4}},"loc":{"start":{"line":6,"column":24},"end":{"line":13,"column":5}},"line":6},"1":{"name":"(anonymous_1)","decl":{"start":{"line":15,"column":4},"end":{"line":15,"column":5}},"loc":{"start":{"line":15,"column":34},"end":{"line":21,"column":5}},"line":15}},"branchMap":{},"s":{"0":0,"1":0,"2":0,"3":0,"4":0,"5":0,"6":0},"f":{"0":0,"1":0},"b":{},"_coverageSchema":"1a1c01bbd47fc00a2c39e90264f33305004495a9","hash":"b0f70d7219f2727a67d61b1134253cebe76f7f69"}
,"/Users/umar/projects/Rello/src/services/PromotionService.ts": {"path":"/Users/umar/projects/Rello/src/services/PromotionService.ts","statementMap":{"0":{"start":{"line":7,"column":8},"end":{"line":13,"column":9}},"1":{"start":{"line":8,"column":26},"end":{"line":8,"column":80}},"2":{"start":{"line":9,"column":11},"end":{"line":9,"column":22}},"3":{"start":{"line":12,"column":12},"end":{"line":12,"column":23}},"4":{"start":{"line":17,"column":8},"end":{"line":22,"column":9}},"5":{"start":{"line":18,"column":27},"end":{"line":18,"column":103}},"6":{"start":{"line":19,"column":11},"end":{"line":19,"column":37}},"7":{"start":{"line":21,"column":12},"end":{"line":21,"column":23}},"8":{"start":{"line":26,"column":8},"end":{"line":33,"column":9}},"9":{"start":{"line":27,"column":25},"end":{"line":27,"column":72}},"10":{"start":{"line":28,"column":9},"end":{"line":28,"column":39}},"11":{"start":{"line":31,"column":12},"end":{"line":31,"column":38}}},"fnMap":{"0":{"name":"(anonymous_0)","decl":{"start":{"line":6,"column":3},"end":{"line":6,"column":4}},"loc":{"start":{"line":6,"column":28},"end":{"line":14,"column":5}},"line":6},"1":{"name":"(anonymous_1)","decl":{"start":{"line":16,"column":4},"end":{"line":16,"column":5}},"loc":{"start":{"line":16,"column":78},"end":{"line":23,"column":5}},"line":16},"2":{"name":"(anonymous_2)","decl":{"start":{"line":25,"column":4},"end":{"line":25,"column":5}},"loc":{"start":{"line":25,"column":27},"end":{"line":34,"column":5}},"line":25}},"branchMap":{},"s":{"0":0,"1":0,"2":0,"3":0,"4":0,"5":0,"6":0,"7":0,"8":0,"9":0,"10":0,"11":0},"f":{"0":0,"1":0,"2":0},"b":{},"_coverageSchema":"1a1c01bbd47fc00a2c39e90264f33305004495a9","hash":"da8bb5459e85e0f6b9a128b06f8620870b14ff7c"}
,"/Users/umar/projects/Rello/src/store/RootReducer.ts": {"path":"/Users/umar/projects/Rello/src/store/RootReducer.ts","statementMap":{},"fnMap":{},"branchMap":{},"s":{},"f":{},"b":{},"_coverageSchema":"1a1c01bbd47fc00a2c39e90264f33305004495a9","hash":"05b5434d8e7b668ca053acc4ed7733b567b137f5"}
,"/Users/umar/projects/Rello/src/store/Store.ts": {"path":"/Users/umar/projects/Rello/src/store/Store.ts","statementMap":{"0":{"start":{"line":3,"column":14},"end":{"line":8,"column":2}}},"fnMap":{},"branchMap":{},"s":{"0":1},"f":{},"b":{},"_coverageSchema":"1a1c01bbd47fc00a2c39e90264f33305004495a9","hash":"7e3e70cd8f1108ffc67cce63f6a09842a63dc02f"}
,"/Users/umar/projects/Rello/src/store/auth/AuthSlice.ts": {"path":"/Users/umar/projects/Rello/src/store/auth/AuthSlice.ts","statementMap":{"0":{"start":{"line":12,"column":35},"end":{"line":12,"column":37}},"1":{"start":{"line":14,"column":14},"end":{"line":33,"column":2}},"2":{"start":{"line":23,"column":12},"end":{"line":23,"column":29}},"3":{"start":{"line":26,"column":12},"end":{"line":26,"column":30}},"4":{"start":{"line":30,"column":8},"end":{"line":30,"column":42}},"5":{"start":{"line":37,"column":31},"end":{"line":40,"column":1}},"6":{"start":{"line":37,"column":37},"end":{"line":40,"column":1}},"7":{"start":{"line":38,"column":24},"end":{"line":38,"column":51}},"8":{"start":{"line":39,"column":4},"end":{"line":39,"column":42}},"9":{"start":{"line":41,"column":59},"end":{"line":41,"column":72}}},"fnMap":{"0":{"name":"(anonymous_0)","decl":{"start":{"line":22,"column":22},"end":{"line":22,"column":23}},"loc":{"start":{"line":22,"column":33},"end":{"line":24,"column":9}},"line":22},"1":{"name":"(anonymous_1)","decl":{"start":{"line":25,"column":20},"end":{"line":25,"column":21}},"loc":{"start":{"line":25,"column":31},"end":{"line":27,"column":9}},"line":25},"2":{"name":"(anonymous_2)","decl":{"start":{"line":29,"column":21},"end":{"line":29,"column":22}},"loc":{"start":{"line":29,"column":68},"end":{"line":31,"column":5}},"line":29},"3":{"name":"(anonymous_3)","decl":{"start":{"line":37,"column":31},"end":{"line":37,"column":32}},"loc":{"start":{"line":37,"column":37},"end":{"line":40,"column":1}},"line":37},"4":{"name":"(anonymous_4)","decl":{"start":{"line":37,"column":37},"end":{"line":37,"column":38}},"loc":{"start":{"line":37,"column":97},"end":{"line":40,"column":1}},"line":37}},"branchMap":{},"s":{"0":2,"1":2,"2":0,"3":0,"4":0,"5":2,"6":0,"7":0,"8":0,"9":2},"f":{"0":0,"1":0,"2":0,"3":0,"4":0},"b":{},"_coverageSchema":"1a1c01bbd47fc00a2c39e90264f33305004495a9","hash":"1de5163b6ced38d1a669bef92c8f9893454ad4a9"}
,"/Users/umar/projects/Rello/src/store/entities/DiscountSlice.ts": {"path":"/Users/umar/projects/Rello/src/store/entities/DiscountSlice.ts","statementMap":{"0":{"start":{"line":16,"column":41},"end":{"line":16,"column":43}},"1":{"start":{"line":18,"column":15},"end":{"line":52,"column":2}},"2":{"start":{"line":32,"column":12},"end":{"line":32,"column":51}},"3":{"start":{"line":37,"column":11},"end":{"line":37,"column":57}},"4":{"start":{"line":41,"column":12},"end":{"line":41,"column":54}},"5":{"start":{"line":45,"column":12},"end":{"line":45,"column":44}},"6":{"start":{"line":49,"column":12},"end":{"line":49,"column":55}},"7":{"start":{"line":54,"column":33},"end":{"line":63,"column":1}},"8":{"start":{"line":54,"column":39},"end":{"line":63,"column":1}},"9":{"start":{"line":55,"column":4},"end":{"line":55,"column":27}},"10":{"start":{"line":57,"column":26},"end":{"line":57,"column":69}},"11":{"start":{"line":59,"column":4},"end":{"line":59,"column":41}},"12":{"start":{"line":61,"column":4},"end":{"line":61,"column":26}},"13":{"start":{"line":66,"column":33},"end":{"line":87,"column":1}},"14":{"start":{"line":66,"column":63},"end":{"line":87,"column":1}},"15":{"start":{"line":67,"column":31},"end":{"line":67,"column":79}},"16":{"start":{"line":68,"column":26},"end":{"line":68,"column":150}},"17":{"start":{"line":68,"column":63},"end":{"line":68,"column":149}},"18":{"start":{"line":69,"column":3},"end":{"line":76,"column":4}},"19":{"start":{"line":70,"column":5},"end":{"line":70,"column":83}},"20":{"start":{"line":72,"column":5},"end":{"line":74,"column":13}},"21":{"start":{"line":73,"column":8},"end":{"line":73,"column":34}},"22":{"start":{"line":75,"column":4},"end":{"line":75,"column":10}},"23":{"start":{"line":78,"column":4},"end":{"line":78,"column":27}},"24":{"start":{"line":79,"column":4},"end":{"line":86,"column":5}},"25":{"start":{"line":80,"column":35},"end":{"line":80,"column":77}},"26":{"start":{"line":81,"column":8},"end":{"line":81,"column":59}},"27":{"start":{"line":82,"column":8},"end":{"line":82,"column":30}},"28":{"start":{"line":84,"column":8},"end":{"line":84,"column":30}},"29":{"start":{"line":85,"column":8},"end":{"line":85,"column":72}},"30":{"start":{"line":89,"column":39},"end":{"line":99,"column":1}},"31":{"start":{"line":89,"column":45},"end":{"line":99,"column":1}},"32":{"start":{"line":90,"column":4},"end":{"line":97,"column":5}},"33":{"start":{"line":91,"column":8},"end":{"line":91,"column":31}},"34":{"start":{"line":92,"column":29},"end":{"line":92,"column":75}},"35":{"start":{"line":93,"column":7},"end":{"line":93,"column":48}},"36":{"start":{"line":94,"column":7},"end":{"line":94,"column":29}},"37":{"start":{"line":96,"column":8},"end":{"line":96,"column":30}},"38":{"start":{"line":102,"column":40},"end":{"line":113,"column":1}},"39":{"start":{"line":102,"column":46},"end":{"line":113,"column":1}},"40":{"start":{"line":103,"column":4},"end":{"line":112,"column":5}},"41":{"start":{"line":104,"column":29},"end":{"line":104,"column":84}},"42":{"start":{"line":105,"column":8},"end":{"line":105,"column":61}},"43":{"start":{"line":107,"column":8},"end":{"line":107,"column":73}},"44":{"start":{"line":108,"column":8},"end":{"line":110,"column":13}},"45":{"start":{"line":109,"column":8},"end":{"line":109,"column":34}},"46":{"start":{"line":117,"column":118},"end":{"line":117,"column":131}}},"fnMap":{"0":{"name":"(anonymous_0)","decl":{"start":{"line":31,"column":24},"end":{"line":31,"column":25}},"loc":{"start":{"line":31,"column":78},"end":{"line":34,"column":9}},"line":31},"1":{"name":"(anonymous_1)","decl":{"start":{"line":36,"column":31},"end":{"line":36,"column":32}},"loc":{"start":{"line":36,"column":95},"end":{"line":38,"column":9}},"line":36},"2":{"name":"(anonymous_2)","decl":{"start":{"line":40,"column":26},"end":{"line":40,"column":27}},"loc":{"start":{"line":40,"column":92},"end":{"line":42,"column":9}},"line":40},"3":{"name":"(anonymous_3)","decl":{"start":{"line":44,"column":22},"end":{"line":44,"column":23}},"loc":{"start":{"line":44,"column":77},"end":{"line":46,"column":9}},"line":44},"4":{"name":"(anonymous_4)","decl":{"start":{"line":48,"column":39},"end":{"line":48,"column":40}},"loc":{"start":{"line":48,"column":97},"end":{"line":50,"column":9}},"line":48},"5":{"name":"(anonymous_5)","decl":{"start":{"line":54,"column":33},"end":{"line":54,"column":34}},"loc":{"start":{"line":54,"column":39},"end":{"line":63,"column":1}},"line":54},"6":{"name":"(anonymous_6)","decl":{"start":{"line":54,"column":39},"end":{"line":54,"column":40}},"loc":{"start":{"line":54,"column":98},"end":{"line":63,"column":1}},"line":54},"7":{"name":"(anonymous_7)","decl":{"start":{"line":66,"column":33},"end":{"line":66,"column":34}},"loc":{"start":{"line":66,"column":63},"end":{"line":87,"column":1}},"line":66},"8":{"name":"(anonymous_8)","decl":{"start":{"line":66,"column":63},"end":{"line":66,"column":64}},"loc":{"start":{"line":66,"column":123},"end":{"line":87,"column":1}},"line":66},"9":{"name":"(anonymous_9)","decl":{"start":{"line":68,"column":51},"end":{"line":68,"column":52}},"loc":{"start":{"line":68,"column":63},"end":{"line":68,"column":149}},"line":68},"10":{"name":"(anonymous_10)","decl":{"start":{"line":72,"column":16},"end":{"line":72,"column":17}},"loc":{"start":{"line":72,"column":22},"end":{"line":74,"column":6}},"line":72},"11":{"name":"(anonymous_11)","decl":{"start":{"line":89,"column":39},"end":{"line":89,"column":40}},"loc":{"start":{"line":89,"column":45},"end":{"line":99,"column":1}},"line":89},"12":{"name":"(anonymous_12)","decl":{"start":{"line":89,"column":45},"end":{"line":89,"column":46}},"loc":{"start":{"line":89,"column":105},"end":{"line":99,"column":1}},"line":89},"13":{"name":"(anonymous_13)","decl":{"start":{"line":102,"column":40},"end":{"line":102,"column":41}},"loc":{"start":{"line":102,"column":46},"end":{"line":113,"column":1}},"line":102},"14":{"name":"(anonymous_14)","decl":{"start":{"line":102,"column":46},"end":{"line":102,"column":47}},"loc":{"start":{"line":102,"column":105},"end":{"line":113,"column":1}},"line":102},"15":{"name":"(anonymous_15)","decl":{"start":{"line":108,"column":19},"end":{"line":108,"column":20}},"loc":{"start":{"line":108,"column":25},"end":{"line":110,"column":6}},"line":108}},"branchMap":{"0":{"loc":{"start":{"line":68,"column":63},"end":{"line":68,"column":149}},"type":"binary-expr","locations":[{"start":{"line":68,"column":63},"end":{"line":68,"column":102}},{"start":{"line":68,"column":106},"end":{"line":68,"column":149}}],"line":68},"1":{"loc":{"start":{"line":69,"column":3},"end":{"line":76,"column":4}},"type":"if","locations":[{"start":{"line":69,"column":3},"end":{"line":76,"column":4}},{"start":{},"end":{}}],"line":69}},"s":{"0":2,"1":2,"2":1,"3":1,"4":2,"5":1,"6":1,"7":2,"8":1,"9":1,"10":1,"11":1,"12":1,"13":2,"14":2,"15":2,"16":2,"17":1,"18":2,"19":1,"20":1,"21":0,"22":1,"23":1,"24":1,"25":1,"26":1,"27":1,"28":0,"29":0,"30":2,"31":2,"32":2,"33":2,"34":2,"35":2,"36":2,"37":0,"38":2,"39":2,"40":2,"41":2,"42":1,"43":1,"44":1,"45":0,"46":2},"f":{"0":1,"1":1,"2":2,"3":1,"4":1,"5":1,"6":1,"7":2,"8":2,"9":1,"10":0,"11":2,"12":2,"13":2,"14":2,"15":0},"b":{"0":[1,0],"1":[1,1]},"_coverageSchema":"1a1c01bbd47fc00a2c39e90264f33305004495a9","hash":"a9c08212257007c06baa991b8ca9ded116564464"}
,"/Users/umar/projects/Rello/src/store/entities/GiftSlice.ts": {"path":"/Users/umar/projects/Rello/src/store/entities/GiftSlice.ts","statementMap":{"0":{"start":{"line":21,"column":14},"end":{"line":52,"column":2}},"1":{"start":{"line":30,"column":8},"end":{"line":30,"column":40}},"2":{"start":{"line":34,"column":8},"end":{"line":34,"column":47}},"3":{"start":{"line":38,"column":25},"end":{"line":38,"column":96}},"4":{"start":{"line":38,"column":64},"end":{"line":38,"column":95}},"5":{"start":{"line":39,"column":8},"end":{"line":42,"column":9}},"6":{"start":{"line":40,"column":10},"end":{"line":40,"column":56}},"7":{"start":{"line":41,"column":10},"end":{"line":41,"column":83}},"8":{"start":{"line":41,"column":51},"end":{"line":41,"column":82}},"9":{"start":{"line":48,"column":8},"end":{"line":48,"column":36}},"10":{"start":{"line":55,"column":29},"end":{"line":60,"column":1}},"11":{"start":{"line":55,"column":35},"end":{"line":60,"column":1}},"12":{"start":{"line":56,"column":2},"end":{"line":56,"column":25}},"13":{"start":{"line":57,"column":20},"end":{"line":57,"column":55}},"14":{"start":{"line":58,"column":2},"end":{"line":58,"column":35}},"15":{"start":{"line":59,"column":2},"end":{"line":59,"column":24}},"16":{"start":{"line":63,"column":80},"end":{"line":63,"column":93}}},"fnMap":{"0":{"name":"(anonymous_0)","decl":{"start":{"line":29,"column":19},"end":{"line":29,"column":20}},"loc":{"start":{"line":29,"column":65},"end":{"line":31,"column":7}},"line":29},"1":{"name":"(anonymous_1)","decl":{"start":{"line":33,"column":22},"end":{"line":33,"column":23}},"loc":{"start":{"line":33,"column":68},"end":{"line":36,"column":7}},"line":33},"2":{"name":"(anonymous_2)","decl":{"start":{"line":37,"column":27},"end":{"line":37,"column":28}},"loc":{"start":{"line":37,"column":73},"end":{"line":45,"column":7}},"line":37},"3":{"name":"(anonymous_3)","decl":{"start":{"line":38,"column":56},"end":{"line":38,"column":57}},"loc":{"start":{"line":38,"column":64},"end":{"line":38,"column":95}},"line":38},"4":{"name":"(anonymous_4)","decl":{"start":{"line":41,"column":43},"end":{"line":41,"column":44}},"loc":{"start":{"line":41,"column":51},"end":{"line":41,"column":82}},"line":41},"5":{"name":"(anonymous_5)","decl":{"start":{"line":47,"column":20},"end":{"line":47,"column":21}},"loc":{"start":{"line":47,"column":66},"end":{"line":49,"column":7}},"line":47},"6":{"name":"(anonymous_6)","decl":{"start":{"line":55,"column":29},"end":{"line":55,"column":30}},"loc":{"start":{"line":55,"column":35},"end":{"line":60,"column":1}},"line":55},"7":{"name":"(anonymous_7)","decl":{"start":{"line":55,"column":35},"end":{"line":55,"column":36}},"loc":{"start":{"line":55,"column":75},"end":{"line":60,"column":1}},"line":55}},"branchMap":{"0":{"loc":{"start":{"line":39,"column":8},"end":{"line":42,"column":9}},"type":"if","locations":[{"start":{"line":39,"column":8},"end":{"line":42,"column":9}},{"start":{},"end":{}}],"line":39}},"s":{"0":2,"1":0,"2":0,"3":0,"4":0,"5":0,"6":0,"7":0,"8":0,"9":0,"10":2,"11":0,"12":0,"13":0,"14":0,"15":0,"16":2},"f":{"0":0,"1":0,"2":0,"3":0,"4":0,"5":0,"6":0,"7":0},"b":{"0":[0,0]},"_coverageSchema":"1a1c01bbd47fc00a2c39e90264f33305004495a9","hash":"2b3a6717357b8bf0fec7a68b1d6b35b9663b742c"}
,"/Users/umar/projects/Rello/src/store/entities/LoyaltySlice.ts": {"path":"/Users/umar/projects/Rello/src/store/entities/LoyaltySlice.ts","statementMap":{"0":{"start":{"line":15,"column":40},"end":{"line":15,"column":42}},"1":{"start":{"line":17,"column":14},"end":{"line":58,"column":2}},"2":{"start":{"line":30,"column":12},"end":{"line":30,"column":48}},"3":{"start":{"line":34,"column":12},"end":{"line":34,"column":50}},"4":{"start":{"line":39,"column":12},"end":{"line":39,"column":58}},"5":{"start":{"line":43,"column":12},"end":{"line":43,"column":44}},"6":{"start":{"line":47,"column":12},"end":{"line":47,"column":54}},"7":{"start":{"line":51,"column":12},"end":{"line":51,"column":54}},"8":{"start":{"line":55,"column":12},"end":{"line":55,"column":52}},"9":{"start":{"line":60,"column":37},"end":{"line":68,"column":1}},"10":{"start":{"line":60,"column":43},"end":{"line":68,"column":1}},"11":{"start":{"line":62,"column":4},"end":{"line":67,"column":5}},"12":{"start":{"line":71,"column":32},"end":{"line":81,"column":1}},"13":{"start":{"line":71,"column":38},"end":{"line":81,"column":1}},"14":{"start":{"line":72,"column":4},"end":{"line":80,"column":5}},"15":{"start":{"line":73,"column":4},"end":{"line":73,"column":27}},"16":{"start":{"line":74,"column":25},"end":{"line":74,"column":66}},"17":{"start":{"line":75,"column":4},"end":{"line":75,"column":38}},"18":{"start":{"line":77,"column":4},"end":{"line":77,"column":26}},"19":{"start":{"line":79,"column":8},"end":{"line":79,"column":30}},"20":{"start":{"line":84,"column":34},"end":{"line":111,"column":1}},"21":{"start":{"line":84,"column":62},"end":{"line":111,"column":1}},"22":{"start":{"line":101,"column":4},"end":{"line":109,"column":5}},"23":{"start":{"line":102,"column":8},"end":{"line":102,"column":31}},"24":{"start":{"line":103,"column":29},"end":{"line":103,"column":69}},"25":{"start":{"line":104,"column":8},"end":{"line":104,"column":54}},"26":{"start":{"line":105,"column":8},"end":{"line":105,"column":30}},"27":{"start":{"line":107,"column":8},"end":{"line":107,"column":30}},"28":{"start":{"line":108,"column":8},"end":{"line":108,"column":71}},"29":{"start":{"line":114,"column":39},"end":{"line":123,"column":1}},"30":{"start":{"line":114,"column":45},"end":{"line":123,"column":1}},"31":{"start":{"line":115,"column":4},"end":{"line":122,"column":5}},"32":{"start":{"line":116,"column":8},"end":{"line":116,"column":31}},"33":{"start":{"line":117,"column":30},"end":{"line":117,"column":69}},"34":{"start":{"line":118,"column":8},"end":{"line":118,"column":49}},"35":{"start":{"line":119,"column":8},"end":{"line":119,"column":30}},"36":{"start":{"line":121,"column":8},"end":{"line":121,"column":30}},"37":{"start":{"line":125,"column":39},"end":{"line":137,"column":1}},"38":{"start":{"line":125,"column":45},"end":{"line":137,"column":1}},"39":{"start":{"line":126,"column":4},"end":{"line":136,"column":5}},"40":{"start":{"line":127,"column":27},"end":{"line":127,"column":79}},"41":{"start":{"line":128,"column":6},"end":{"line":128,"column":58}},"42":{"start":{"line":131,"column":8},"end":{"line":131,"column":77}},"43":{"start":{"line":132,"column":8},"end":{"line":134,"column":16}},"44":{"start":{"line":133,"column":12},"end":{"line":133,"column":38}},"45":{"start":{"line":141,"column":156},"end":{"line":141,"column":169}}},"fnMap":{"0":{"name":"(anonymous_0)","decl":{"start":{"line":29,"column":20},"end":{"line":29,"column":21}},"loc":{"start":{"line":29,"column":72},"end":{"line":31,"column":9}},"line":29},"1":{"name":"(anonymous_1)","decl":{"start":{"line":33,"column":23},"end":{"line":33,"column":24}},"loc":{"start":{"line":33,"column":75},"end":{"line":36,"column":9}},"line":33},"2":{"name":"(anonymous_2)","decl":{"start":{"line":38,"column":32},"end":{"line":38,"column":33}},"loc":{"start":{"line":38,"column":94},"end":{"line":40,"column":9}},"line":38},"3":{"name":"(anonymous_3)","decl":{"start":{"line":42,"column":20},"end":{"line":42,"column":21}},"loc":{"start":{"line":42,"column":74},"end":{"line":44,"column":9}},"line":42},"4":{"name":"(anonymous_4)","decl":{"start":{"line":46,"column":26},"end":{"line":46,"column":27}},"loc":{"start":{"line":46,"column":90},"end":{"line":48,"column":9}},"line":46},"5":{"name":"(anonymous_5)","decl":{"start":{"line":50,"column":38},"end":{"line":50,"column":39}},"loc":{"start":{"line":50,"column":94},"end":{"line":52,"column":9}},"line":50},"6":{"name":"(anonymous_6)","decl":{"start":{"line":54,"column":37},"end":{"line":54,"column":38}},"loc":{"start":{"line":54,"column":90},"end":{"line":56,"column":9}},"line":54},"7":{"name":"(anonymous_7)","decl":{"start":{"line":60,"column":37},"end":{"line":60,"column":38}},"loc":{"start":{"line":60,"column":43},"end":{"line":68,"column":1}},"line":60},"8":{"name":"(anonymous_8)","decl":{"start":{"line":60,"column":43},"end":{"line":60,"column":44}},"loc":{"start":{"line":60,"column":102},"end":{"line":68,"column":1}},"line":60},"9":{"name":"(anonymous_9)","decl":{"start":{"line":71,"column":32},"end":{"line":71,"column":33}},"loc":{"start":{"line":71,"column":38},"end":{"line":81,"column":1}},"line":71},"10":{"name":"(anonymous_10)","decl":{"start":{"line":71,"column":38},"end":{"line":71,"column":39}},"loc":{"start":{"line":71,"column":97},"end":{"line":81,"column":1}},"line":71},"11":{"name":"(anonymous_11)","decl":{"start":{"line":84,"column":34},"end":{"line":84,"column":35}},"loc":{"start":{"line":84,"column":62},"end":{"line":111,"column":1}},"line":84},"12":{"name":"(anonymous_12)","decl":{"start":{"line":84,"column":62},"end":{"line":84,"column":63}},"loc":{"start":{"line":84,"column":122},"end":{"line":111,"column":1}},"line":84},"13":{"name":"(anonymous_13)","decl":{"start":{"line":114,"column":39},"end":{"line":114,"column":40}},"loc":{"start":{"line":114,"column":45},"end":{"line":123,"column":1}},"line":114},"14":{"name":"(anonymous_14)","decl":{"start":{"line":114,"column":45},"end":{"line":114,"column":46}},"loc":{"start":{"line":114,"column":104},"end":{"line":123,"column":1}},"line":114},"15":{"name":"(anonymous_15)","decl":{"start":{"line":125,"column":39},"end":{"line":125,"column":40}},"loc":{"start":{"line":125,"column":45},"end":{"line":137,"column":1}},"line":125},"16":{"name":"(anonymous_16)","decl":{"start":{"line":125,"column":45},"end":{"line":125,"column":46}},"loc":{"start":{"line":125,"column":104},"end":{"line":137,"column":1}},"line":125},"17":{"name":"(anonymous_17)","decl":{"start":{"line":132,"column":19},"end":{"line":132,"column":20}},"loc":{"start":{"line":132,"column":25},"end":{"line":134,"column":9}},"line":132}},"branchMap":{},"s":{"0":2,"1":2,"2":0,"3":0,"4":1,"5":2,"6":2,"7":1,"8":0,"9":2,"10":0,"11":0,"12":2,"13":2,"14":2,"15":2,"16":2,"17":2,"18":2,"19":0,"20":2,"21":2,"22":2,"23":2,"24":2,"25":1,"26":1,"27":1,"28":1,"29":2,"30":2,"31":2,"32":2,"33":2,"34":2,"35":2,"36":0,"37":2,"38":2,"39":2,"40":2,"41":1,"42":1,"43":1,"44":0,"45":2},"f":{"0":0,"1":0,"2":1,"3":2,"4":2,"5":1,"6":0,"7":0,"8":0,"9":2,"10":2,"11":2,"12":2,"13":2,"14":2,"15":2,"16":2,"17":0},"b":{},"_coverageSchema":"1a1c01bbd47fc00a2c39e90264f33305004495a9","hash":"03e8f5aae3b1f4545b4e26f9f2001d9cbe0ddba8"}
,"/Users/umar/projects/Rello/src/store/entities/ProductAuthSlice.ts": {"path":"/Users/umar/projects/Rello/src/store/entities/ProductAuthSlice.ts","statementMap":{"0":{"start":{"line":12,"column":34},"end":{"line":12,"column":36}},"1":{"start":{"line":13,"column":14},"end":{"line":27,"column":2}},"2":{"start":{"line":21,"column":12},"end":{"line":21,"column":34}},"3":{"start":{"line":24,"column":12},"end":{"line":24,"column":41}},"4":{"start":{"line":32,"column":26},"end":{"line":41,"column":1}},"5":{"start":{"line":32,"column":32},"end":{"line":41,"column":1}},"6":{"start":{"line":33,"column":4},"end":{"line":40,"column":5}},"7":{"start":{"line":34,"column":8},"end":{"line":34,"column":31}},"8":{"start":{"line":35,"column":23},"end":{"line":35,"column":62}},"9":{"start":{"line":36,"column":8},"end":{"line":36,"column":42}},"10":{"start":{"line":37,"column":8},"end":{"line":37,"column":30}},"11":{"start":{"line":39,"column":8},"end":{"line":39,"column":30}},"12":{"start":{"line":43,"column":47},"end":{"line":43,"column":60}}},"fnMap":{"0":{"name":"(anonymous_0)","decl":{"start":{"line":20,"column":26},"end":{"line":20,"column":27}},"loc":{"start":{"line":20,"column":78},"end":{"line":22,"column":9}},"line":20},"1":{"name":"(anonymous_1)","decl":{"start":{"line":23,"column":21},"end":{"line":23,"column":22}},"loc":{"start":{"line":23,"column":71},"end":{"line":25,"column":9}},"line":23},"2":{"name":"(anonymous_2)","decl":{"start":{"line":32,"column":26},"end":{"line":32,"column":27}},"loc":{"start":{"line":32,"column":32},"end":{"line":41,"column":1}},"line":32},"3":{"name":"(anonymous_3)","decl":{"start":{"line":32,"column":32},"end":{"line":32,"column":33}},"loc":{"start":{"line":32,"column":91},"end":{"line":41,"column":1}},"line":32}},"branchMap":{},"s":{"0":2,"1":2,"2":0,"3":0,"4":2,"5":0,"6":0,"7":0,"8":0,"9":0,"10":0,"11":0,"12":2},"f":{"0":0,"1":0,"2":0,"3":0},"b":{},"_coverageSchema":"1a1c01bbd47fc00a2c39e90264f33305004495a9","hash":"0acd98a4782a747b4b1dfeca28c3380fba657757"}
,"/Users/umar/projects/Rello/src/store/entities/PromotionSlice.ts": {"path":"/Users/umar/projects/Rello/src/store/entities/PromotionSlice.ts","statementMap":{"0":{"start":{"line":14,"column":14},"end":{"line":30,"column":2}},"1":{"start":{"line":22,"column":12},"end":{"line":22,"column":45}},"2":{"start":{"line":27,"column":12},"end":{"line":27,"column":52}},"3":{"start":{"line":35,"column":30},"end":{"line":46,"column":1}},"4":{"start":{"line":35,"column":36},"end":{"line":46,"column":1}},"5":{"start":{"line":36,"column":4},"end":{"line":45,"column":5}},"6":{"start":{"line":37,"column":8},"end":{"line":37,"column":31}},"7":{"start":{"line":38,"column":27},"end":{"line":38,"column":68}},"8":{"start":{"line":40,"column":8},"end":{"line":40,"column":50}},"9":{"start":{"line":41,"column":8},"end":{"line":41,"column":30}},"10":{"start":{"line":44,"column":8},"end":{"line":44,"column":30}},"11":{"start":{"line":48,"column":55},"end":{"line":48,"column":68}}},"fnMap":{"0":{"name":"(anonymous_0)","decl":{"start":{"line":21,"column":30},"end":{"line":21,"column":31}},"loc":{"start":{"line":21,"column":77},"end":{"line":24,"column":9}},"line":21},"1":{"name":"(anonymous_1)","decl":{"start":{"line":26,"column":25},"end":{"line":26,"column":26}},"loc":{"start":{"line":26,"column":80},"end":{"line":28,"column":9}},"line":26},"2":{"name":"(anonymous_2)","decl":{"start":{"line":35,"column":30},"end":{"line":35,"column":31}},"loc":{"start":{"line":35,"column":36},"end":{"line":46,"column":1}},"line":35},"3":{"name":"(anonymous_3)","decl":{"start":{"line":35,"column":36},"end":{"line":35,"column":37}},"loc":{"start":{"line":35,"column":95},"end":{"line":46,"column":1}},"line":35}},"branchMap":{},"s":{"0":2,"1":0,"2":0,"3":2,"4":0,"5":0,"6":0,"7":0,"8":0,"9":0,"10":0,"11":2},"f":{"0":0,"1":0,"2":0,"3":0},"b":{},"_coverageSchema":"1a1c01bbd47fc00a2c39e90264f33305004495a9","hash":"62d886959f75141b010a4d66e3e75e30f707e500"}
,"/Users/umar/projects/Rello/src/store/entities/reducer.ts": {"path":"/Users/umar/projects/Rello/src/store/entities/reducer.ts","statementMap":{},"fnMap":{},"branchMap":{},"s":{},"f":{},"b":{},"_coverageSchema":"1a1c01bbd47fc00a2c39e90264f33305004495a9","hash":"5c9aef1662bb9b6b55dc00cc476d7c1590f296fa"}
,"/Users/umar/projects/Rello/src/store/ui/UI.ts": {"path":"/Users/umar/projects/Rello/src/store/ui/UI.ts","statementMap":{"0":{"start":{"line":16,"column":15},"end":{"line":87,"column":2}},"1":{"start":{"line":30,"column":12},"end":{"line":30,"column":42}},"2":{"start":{"line":33,"column":12},"end":{"line":33,"column":43}},"3":{"start":{"line":37,"column":12},"end":{"line":37,"column":34}},"4":{"start":{"line":41,"column":12},"end":{"line":41,"column":35}},"5":{"start":{"line":45,"column":12},"end":{"line":45,"column":46}},"6":{"start":{"line":50,"column":12},"end":{"line":50,"column":47}},"7":{"start":{"line":54,"column":12},"end":{"line":54,"column":39}},"8":{"start":{"line":55,"column":12},"end":{"line":55,"column":47}},"9":{"start":{"line":59,"column":12},"end":{"line":59,"column":40}},"10":{"start":{"line":60,"column":12},"end":{"line":60,"column":35}},"11":{"start":{"line":64,"column":12},"end":{"line":64,"column":32}},"12":{"start":{"line":68,"column":12},"end":{"line":68,"column":36}},"13":{"start":{"line":72,"column":12},"end":{"line":72,"column":33}},"14":{"start":{"line":76,"column":12},"end":{"line":76,"column":37}},"15":{"start":{"line":80,"column":12},"end":{"line":80,"column":46}},"16":{"start":{"line":84,"column":12},"end":{"line":84,"column":48}},"17":{"start":{"line":90,"column":236},"end":{"line":90,"column":249}}},"fnMap":{"0":{"name":"(anonymous_0)","decl":{"start":{"line":29,"column":27},"end":{"line":29,"column":28}},"loc":{"start":{"line":29,"column":38},"end":{"line":31,"column":9}},"line":29},"1":{"name":"(anonymous_1)","decl":{"start":{"line":32,"column":28},"end":{"line":32,"column":29}},"loc":{"start":{"line":32,"column":39},"end":{"line":34,"column":9}},"line":32},"2":{"name":"(anonymous_2)","decl":{"start":{"line":36,"column":21},"end":{"line":36,"column":22}},"loc":{"start":{"line":36,"column":32},"end":{"line":38,"column":9}},"line":36},"3":{"name":"(anonymous_3)","decl":{"start":{"line":40,"column":20},"end":{"line":40,"column":21}},"loc":{"start":{"line":40,"column":31},"end":{"line":42,"column":9}},"line":40},"4":{"name":"(anonymous_4)","decl":{"start":{"line":44,"column":24},"end":{"line":44,"column":25}},"loc":{"start":{"line":44,"column":35},"end":{"line":47,"column":9}},"line":44},"5":{"name":"(anonymous_5)","decl":{"start":{"line":49,"column":25},"end":{"line":49,"column":26}},"loc":{"start":{"line":49,"column":36},"end":{"line":51,"column":9}},"line":49},"6":{"name":"(anonymous_6)","decl":{"start":{"line":53,"column":24},"end":{"line":53,"column":25}},"loc":{"start":{"line":53,"column":66},"end":{"line":56,"column":9}},"line":53},"7":{"name":"(anonymous_7)","decl":{"start":{"line":58,"column":24},"end":{"line":58,"column":25}},"loc":{"start":{"line":58,"column":35},"end":{"line":61,"column":9}},"line":58},"8":{"name":"(anonymous_8)","decl":{"start":{"line":63,"column":18},"end":{"line":63,"column":19}},"loc":{"start":{"line":63,"column":29},"end":{"line":65,"column":9}},"line":63},"9":{"name":"(anonymous_9)","decl":{"start":{"line":67,"column":19},"end":{"line":67,"column":20}},"loc":{"start":{"line":67,"column":30},"end":{"line":69,"column":9}},"line":67},"10":{"name":"(anonymous_10)","decl":{"start":{"line":71,"column":19},"end":{"line":71,"column":20}},"loc":{"start":{"line":71,"column":30},"end":{"line":73,"column":9}},"line":71},"11":{"name":"(anonymous_11)","decl":{"start":{"line":75,"column":20},"end":{"line":75,"column":21}},"loc":{"start":{"line":75,"column":31},"end":{"line":77,"column":9}},"line":75},"12":{"name":"(anonymous_12)","decl":{"start":{"line":79,"column":31},"end":{"line":79,"column":32}},"loc":{"start":{"line":79,"column":42},"end":{"line":81,"column":9}},"line":79},"13":{"name":"(anonymous_13)","decl":{"start":{"line":83,"column":32},"end":{"line":83,"column":33}},"loc":{"start":{"line":83,"column":43},"end":{"line":85,"column":9}},"line":83}},"branchMap":{},"s":{"0":2,"1":0,"2":0,"3":10,"4":10,"5":0,"6":0,"7":4,"8":4,"9":0,"10":0,"11":0,"12":0,"13":0,"14":0,"15":0,"16":0,"17":2},"f":{"0":0,"1":0,"2":10,"3":10,"4":0,"5":0,"6":4,"7":0,"8":0,"9":0,"10":0,"11":0,"12":0,"13":0},"b":{},"_coverageSchema":"1a1c01bbd47fc00a2c39e90264f33305004495a9","hash":"357c283da9edd6fad19ba1efdf5cb6c79efd5896"}
}
