{"/Users/umar/projects/Rello/src/models/SecureStore.ts": {"path":"/Users/umar/projects/Rello/src/models/SecureStore.ts","statementMap":{"0":{"start":{"line":14,"column":16},"end":{"line":14,"column":28}},"1":{"start":{"line":15,"column":19},"end":{"line":15,"column":35}},"2":{"start":{"line":16,"column":31},"end":{"line":16,"column":53}},"3":{"start":{"line":17,"column":18},"end":{"line":17,"column":33}},"4":{"start":{"line":18,"column":31},"end":{"line":18,"column":53}},"5":{"start":{"line":19,"column":15},"end":{"line":19,"column":27}},"6":{"start":{"line":20,"column":17},"end":{"line":20,"column":29}},"7":{"start":{"line":23,"column":2},"end":{"line":23,"column":52}},"8":{"start":{"line":27,"column":2},"end":{"line":27,"column":52}},"9":{"start":{"line":31,"column":4},"end":{"line":31,"column":53}},"10":{"start":{"line":35,"column":4},"end":{"line":35,"column":53}},"11":{"start":{"line":39,"column":3},"end":{"line":39,"column":48}},"12":{"start":{"line":44,"column":3},"end":{"line":44,"column":75}},"13":{"start":{"line":48,"column":2},"end":{"line":48,"column":92}},"14":{"start":{"line":53,"column":31},"end":{"line":53,"column":82}},"15":{"start":{"line":54,"column":25},"end":{"line":54,"column":79}},"16":{"start":{"line":55,"column":3},"end":{"line":55,"column":43}},"17":{"start":{"line":59,"column":35},"end":{"line":59,"column":98}},"18":{"start":{"line":60,"column":30},"end":{"line":60,"column":90}},"19":{"start":{"line":61,"column":2},"end":{"line":61,"column":54}},"20":{"start":{"line":66,"column":3},"end":{"line":66,"column":73}},"21":{"start":{"line":70,"column":2},"end":{"line":70,"column":95}},"22":{"start":{"line":75,"column":38},"end":{"line":75,"column":101}},"23":{"start":{"line":76,"column":33},"end":{"line":76,"column":94}},"24":{"start":{"line":77,"column":2},"end":{"line":77,"column":61}},"25":{"start":{"line":82,"column":29},"end":{"line":82,"column":79}},"26":{"start":{"line":83,"column":24},"end":{"line":83,"column":75}},"27":{"start":{"line":84,"column":3},"end":{"line":84,"column":41}},"28":{"start":{"line":88,"column":3},"end":{"line":88,"column":67}},"29":{"start":{"line":93,"column":26},"end":{"line":93,"column":73}},"30":{"start":{"line":94,"column":21},"end":{"line":94,"column":70}},"31":{"start":{"line":95,"column":3},"end":{"line":95,"column":35}}},"fnMap":{"0":{"name":"(anonymous_0)","decl":{"start":{"line":22,"column":0},"end":{"line":22,"column":1}},"loc":{"start":{"line":22,"column":38},"end":{"line":24,"column":1}},"line":22},"1":{"name":"(anonymous_1)","decl":{"start":{"line":26,"column":0},"end":{"line":26,"column":1}},"loc":{"start":{"line":26,"column":22},"end":{"line":28,"column":1}},"line":26},"2":{"name":"(anonymous_2)","decl":{"start":{"line":30,"column":1},"end":{"line":30,"column":2}},"loc":{"start":{"line":30,"column":32},"end":{"line":32,"column":2}},"line":30},"3":{"name":"(anonymous_3)","decl":{"start":{"line":34,"column":1},"end":{"line":34,"column":2}},"loc":{"start":{"line":34,"column":42},"end":{"line":36,"column":2}},"line":34},"4":{"name":"(anonymous_4)","decl":{"start":{"line":38,"column":1},"end":{"line":38,"column":2}},"loc":{"start":{"line":38,"column":21},"end":{"line":40,"column":2}},"line":38},"5":{"name":"(anonymous_5)","decl":{"start":{"line":43,"column":1},"end":{"line":43,"column":2}},"loc":{"start":{"line":43,"column":61},"end":{"line":45,"column":2}},"line":43},"6":{"name":"(anonymous_6)","decl":{"start":{"line":47,"column":1},"end":{"line":47,"column":2}},"loc":{"start":{"line":47,"column":72},"end":{"line":49,"column":2}},"line":47},"7":{"name":"(anonymous_7)","decl":{"start":{"line":52,"column":1},"end":{"line":52,"column":2}},"loc":{"start":{"line":52,"column":29},"end":{"line":56,"column":2}},"line":52},"8":{"name":"(anonymous_8)","decl":{"start":{"line":58,"column":1},"end":{"line":58,"column":2}},"loc":{"start":{"line":58,"column":35},"end":{"line":62,"column":2}},"line":58},"9":{"name":"(anonymous_9)","decl":{"start":{"line":65,"column":1},"end":{"line":65,"column":2}},"loc":{"start":{"line":65,"column":58},"end":{"line":67,"column":2}},"line":65},"10":{"name":"(anonymous_10)","decl":{"start":{"line":69,"column":1},"end":{"line":69,"column":2}},"loc":{"start":{"line":69,"column":79},"end":{"line":71,"column":2}},"line":69},"11":{"name":"(anonymous_11)","decl":{"start":{"line":74,"column":1},"end":{"line":74,"column":2}},"loc":{"start":{"line":74,"column":39},"end":{"line":78,"column":2}},"line":74},"12":{"name":"(anonymous_12)","decl":{"start":{"line":81,"column":1},"end":{"line":81,"column":2}},"loc":{"start":{"line":81,"column":30},"end":{"line":85,"column":2}},"line":81},"13":{"name":"(anonymous_13)","decl":{"start":{"line":87,"column":1},"end":{"line":87,"column":2}},"loc":{"start":{"line":87,"column":53},"end":{"line":89,"column":2}},"line":87},"14":{"name":"(anonymous_14)","decl":{"start":{"line":92,"column":1},"end":{"line":92,"column":2}},"loc":{"start":{"line":92,"column":27},"end":{"line":96,"column":2}},"line":92}},"branchMap":{"0":{"loc":{"start":{"line":55,"column":10},"end":{"line":55,"column":43}},"type":"cond-expr","locations":[{"start":{"line":55,"column":25},"end":{"line":55,"column":38}},{"start":{"line":55,"column":41},"end":{"line":55,"column":43}}],"line":55},"1":{"loc":{"start":{"line":61,"column":9},"end":{"line":61,"column":54}},"type":"cond-expr","locations":[{"start":{"line":61,"column":30},"end":{"line":61,"column":49}},{"start":{"line":61,"column":52},"end":{"line":61,"column":54}}],"line":61},"2":{"loc":{"start":{"line":77,"column":9},"end":{"line":77,"column":61}},"type":"cond-expr","locations":[{"start":{"line":77,"column":34},"end":{"line":77,"column":56}},{"start":{"line":77,"column":59},"end":{"line":77,"column":61}}],"line":77},"3":{"loc":{"start":{"line":84,"column":10},"end":{"line":84,"column":41}},"type":"cond-expr","locations":[{"start":{"line":84,"column":24},"end":{"line":84,"column":36}},{"start":{"line":84,"column":39},"end":{"line":84,"column":41}}],"line":84},"4":{"loc":{"start":{"line":95,"column":10},"end":{"line":95,"column":35}},"type":"cond-expr","locations":[{"start":{"line":95,"column":21},"end":{"line":95,"column":30}},{"start":{"line":95,"column":33},"end":{"line":95,"column":35}}],"line":95}},"s":{"0":1,"1":1,"2":1,"3":1,"4":1,"5":1,"6":1,"7":0,"8":0,"9":0,"10":5,"11":0,"12":1,"13":0,"14":0,"15":0,"16":0,"17":0,"18":0,"19":0,"20":0,"21":0,"22":0,"23":0,"24":0,"25":0,"26":0,"27":0,"28":0,"29":0,"30":0,"31":0},"f":{"0":0,"1":0,"2":0,"3":5,"4":0,"5":1,"6":0,"7":0,"8":0,"9":0,"10":0,"11":0,"12":0,"13":0,"14":0},"b":{"0":[0,0],"1":[0,0],"2":[0,0],"3":[0,0],"4":[0,0]},"_coverageSchema":"1a1c01bbd47fc00a2c39e90264f33305004495a9","hash":"933ba1bc3a354441fb8eef4c701f391502716cc5"}
,"/Users/umar/projects/Rello/src/services/Auth.ts": {"path":"/Users/umar/projects/Rello/src/services/Auth.ts","statementMap":{"0":{"start":{"line":41,"column":8},"end":{"line":41,"column":15}},"1":{"start":{"line":45,"column":7},"end":{"line":51,"column":8}},"2":{"start":{"line":46,"column":23},"end":{"line":46,"column":89}},"3":{"start":{"line":47,"column":8},"end":{"line":47,"column":34}},"4":{"start":{"line":48,"column":8},"end":{"line":48,"column":48}},"5":{"start":{"line":50,"column":12},"end":{"line":50,"column":23}},"6":{"start":{"line":56,"column":8},"end":{"line":63,"column":9}},"7":{"start":{"line":57,"column":24},"end":{"line":57,"column":97}},"8":{"start":{"line":58,"column":9},"end":{"line":58,"column":35}},"9":{"start":{"line":59,"column":9},"end":{"line":59,"column":49}},"10":{"start":{"line":62,"column":12},"end":{"line":62,"column":23}},"11":{"start":{"line":68,"column":7},"end":{"line":68,"column":38}},"12":{"start":{"line":72,"column":29},"end":{"line":72,"column":85}},"13":{"start":{"line":73,"column":8},"end":{"line":73,"column":27}},"14":{"start":{"line":77,"column":8},"end":{"line":84,"column":9}},"15":{"start":{"line":78,"column":26},"end":{"line":78,"column":64}},"16":{"start":{"line":79,"column":25},"end":{"line":79,"column":48}},"17":{"start":{"line":80,"column":27},"end":{"line":80,"column":77}},"18":{"start":{"line":81,"column":12},"end":{"line":81,"column":23}},"19":{"start":{"line":83,"column":12},"end":{"line":83,"column":23}},"20":{"start":{"line":88,"column":8},"end":{"line":94,"column":9}},"21":{"start":{"line":89,"column":28},"end":{"line":89,"column":72}},"22":{"start":{"line":90,"column":23},"end":{"line":90,"column":77}},"23":{"start":{"line":92,"column":12},"end":{"line":92,"column":31}},"24":{"start":{"line":93,"column":12},"end":{"line":93,"column":23}},"25":{"start":{"line":98,"column":8},"end":{"line":103,"column":9}},"26":{"start":{"line":99,"column":27},"end":{"line":99,"column":87}},"27":{"start":{"line":100,"column":11},"end":{"line":100,"column":22}},"28":{"start":{"line":102,"column":12},"end":{"line":102,"column":23}},"29":{"start":{"line":107,"column":8},"end":{"line":113,"column":9}},"30":{"start":{"line":108,"column":26},"end":{"line":108,"column":109}},"31":{"start":{"line":109,"column":10},"end":{"line":109,"column":36}},"32":{"start":{"line":110,"column":10},"end":{"line":110,"column":50}},"33":{"start":{"line":112,"column":12},"end":{"line":112,"column":23}}},"fnMap":{"0":{"name":"(anonymous_0)","decl":{"start":{"line":40,"column":4},"end":{"line":40,"column":5}},"loc":{"start":{"line":40,"column":17},"end":{"line":42,"column":5}},"line":40},"1":{"name":"(anonymous_1)","decl":{"start":{"line":44,"column":3},"end":{"line":44,"column":4}},"loc":{"start":{"line":44,"column":35},"end":{"line":53,"column":5}},"line":44},"2":{"name":"(anonymous_2)","decl":{"start":{"line":55,"column":4},"end":{"line":55,"column":5}},"loc":{"start":{"line":55,"column":37},"end":{"line":65,"column":6}},"line":55},"3":{"name":"(anonymous_3)","decl":{"start":{"line":67,"column":5},"end":{"line":67,"column":6}},"loc":{"start":{"line":67,"column":20},"end":{"line":69,"column":6}},"line":67},"4":{"name":"(anonymous_4)","decl":{"start":{"line":71,"column":5},"end":{"line":71,"column":6}},"loc":{"start":{"line":71,"column":79},"end":{"line":74,"column":6}},"line":71},"5":{"name":"(anonymous_5)","decl":{"start":{"line":76,"column":5},"end":{"line":76,"column":6}},"loc":{"start":{"line":76,"column":27},"end":{"line":85,"column":6}},"line":76},"6":{"name":"(anonymous_6)","decl":{"start":{"line":87,"column":5},"end":{"line":87,"column":6}},"loc":{"start":{"line":87,"column":26},"end":{"line":95,"column":6}},"line":87},"7":{"name":"(anonymous_7)","decl":{"start":{"line":97,"column":5},"end":{"line":97,"column":6}},"loc":{"start":{"line":97,"column":54},"end":{"line":104,"column":6}},"line":97},"8":{"name":"(anonymous_8)","decl":{"start":{"line":106,"column":5},"end":{"line":106,"column":6}},"loc":{"start":{"line":106,"column":50},"end":{"line":114,"column":6}},"line":106}},"branchMap":{},"s":{"0":1,"1":0,"2":0,"3":0,"4":0,"5":0,"6":0,"7":0,"8":0,"9":0,"10":0,"11":0,"12":0,"13":0,"14":0,"15":0,"16":0,"17":0,"18":0,"19":0,"20":0,"21":0,"22":0,"23":0,"24":0,"25":0,"26":0,"27":0,"28":0,"29":0,"30":0,"31":0,"32":0,"33":0},"f":{"0":1,"1":0,"2":0,"3":0,"4":0,"5":0,"6":0,"7":0,"8":0},"b":{},"_coverageSchema":"1a1c01bbd47fc00a2c39e90264f33305004495a9","hash":"27baaca9cf71261ce4b21aeb81314ee3908d757c"}
,"/Users/umar/projects/Rello/src/services/DiscountService.ts": {"path":"/Users/umar/projects/Rello/src/services/DiscountService.ts","statementMap":{"0":{"start":{"line":12,"column":8},"end":{"line":12,"column":15}},"1":{"start":{"line":16,"column":8},"end":{"line":24,"column":9}},"2":{"start":{"line":17,"column":26},"end":{"line":17,"column":89}},"3":{"start":{"line":19,"column":10},"end":{"line":19,"column":51}},"4":{"start":{"line":20,"column":10},"end":{"line":20,"column":21}},"5":{"start":{"line":22,"column":38},"end":{"line":22,"column":78}},"6":{"start":{"line":23,"column":10},"end":{"line":23,"column":35}},"7":{"start":{"line":28,"column":6},"end":{"line":34,"column":7}},"8":{"start":{"line":29,"column":23},"end":{"line":29,"column":84}},"9":{"start":{"line":30,"column":8},"end":{"line":30,"column":19}},"10":{"start":{"line":32,"column":8},"end":{"line":32,"column":19}},"11":{"start":{"line":38,"column":6},"end":{"line":46,"column":7}},"12":{"start":{"line":39,"column":22},"end":{"line":39,"column":49}},"13":{"start":{"line":40,"column":23},"end":{"line":40,"column":106}},"14":{"start":{"line":41,"column":8},"end":{"line":41,"column":54}},"15":{"start":{"line":42,"column":8},"end":{"line":42,"column":19}},"16":{"start":{"line":44,"column":39},"end":{"line":44,"column":85}},"17":{"start":{"line":45,"column":8},"end":{"line":45,"column":37}},"18":{"start":{"line":50,"column":8},"end":{"line":56,"column":9}},"19":{"start":{"line":51,"column":23},"end":{"line":51,"column":50}},"20":{"start":{"line":52,"column":25},"end":{"line":52,"column":112}},"21":{"start":{"line":53,"column":10},"end":{"line":53,"column":21}},"22":{"start":{"line":55,"column":10},"end":{"line":55,"column":21}}},"fnMap":{"0":{"name":"(anonymous_0)","decl":{"start":{"line":11,"column":4},"end":{"line":11,"column":5}},"loc":{"start":{"line":11,"column":17},"end":{"line":13,"column":5}},"line":11},"1":{"name":"(anonymous_1)","decl":{"start":{"line":15,"column":3},"end":{"line":15,"column":4}},"loc":{"start":{"line":15,"column":30},"end":{"line":25,"column":5}},"line":15},"2":{"name":"(anonymous_2)","decl":{"start":{"line":27,"column":4},"end":{"line":27,"column":5}},"loc":{"start":{"line":27,"column":50},"end":{"line":35,"column":5}},"line":27},"3":{"name":"(anonymous_3)","decl":{"start":{"line":37,"column":4},"end":{"line":37,"column":5}},"loc":{"start":{"line":37,"column":34},"end":{"line":47,"column":5}},"line":37},"4":{"name":"(anonymous_4)","decl":{"start":{"line":49,"column":4},"end":{"line":49,"column":5}},"loc":{"start":{"line":49,"column":43},"end":{"line":57,"column":5}},"line":49}},"branchMap":{},"s":{"0":1,"1":1,"2":1,"3":1,"4":1,"5":0,"6":0,"7":0,"8":0,"9":0,"10":0,"11":0,"12":0,"13":0,"14":0,"15":0,"16":0,"17":0,"18":0,"19":0,"20":0,"21":0,"22":0},"f":{"0":1,"1":1,"2":0,"3":0,"4":0},"b":{},"_coverageSchema":"1a1c01bbd47fc00a2c39e90264f33305004495a9","hash":"1eb439c5dc9bb47d77c26ff720aa4a9622678871"}
,"/Users/umar/projects/Rello/src/services/GiftService.ts": {"path":"/Users/umar/projects/Rello/src/services/GiftService.ts","statementMap":{"0":{"start":{"line":8,"column":8},"end":{"line":8,"column":15}},"1":{"start":{"line":12,"column":8},"end":{"line":19,"column":9}},"2":{"start":{"line":13,"column":26},"end":{"line":13,"column":82}},"3":{"start":{"line":14,"column":11},"end":{"line":14,"column":48}},"4":{"start":{"line":15,"column":11},"end":{"line":15,"column":22}},"5":{"start":{"line":17,"column":35},"end":{"line":17,"column":72}},"6":{"start":{"line":18,"column":12},"end":{"line":18,"column":33}}},"fnMap":{"0":{"name":"(anonymous_0)","decl":{"start":{"line":7,"column":4},"end":{"line":7,"column":5}},"loc":{"start":{"line":7,"column":17},"end":{"line":9,"column":5}},"line":7},"1":{"name":"(anonymous_1)","decl":{"start":{"line":11,"column":4},"end":{"line":11,"column":5}},"loc":{"start":{"line":11,"column":27},"end":{"line":20,"column":5}},"line":11}},"branchMap":{},"s":{"0":1,"1":0,"2":0,"3":0,"4":0,"5":0,"6":0},"f":{"0":1,"1":0},"b":{},"_coverageSchema":"1a1c01bbd47fc00a2c39e90264f33305004495a9","hash":"904bfa99ebaa2f9f6dc3cb4167a085c36a54e8d5"}
,"/Users/umar/projects/Rello/src/services/Https.ts": {"path":"/Users/umar/projects/Rello/src/services/Https.ts","statementMap":{"0":{"start":{"line":6,"column":19},"end":{"line":6,"column":28}},"1":{"start":{"line":7,"column":20},"end":{"line":7,"column":30}},"2":{"start":{"line":8,"column":19},"end":{"line":8,"column":28}},"3":{"start":{"line":9,"column":21},"end":{"line":9,"column":32}},"4":{"start":{"line":10,"column":22},"end":{"line":10,"column":34}},"5":{"start":{"line":13,"column":8},"end":{"line":13,"column":64}},"6":{"start":{"line":14,"column":8},"end":{"line":14,"column":24}},"7":{"start":{"line":18,"column":8},"end":{"line":18,"column":74}},"8":{"start":{"line":24,"column":22},"end":{"line":24,"column":71}},"9":{"start":{"line":25,"column":8},"end":{"line":25,"column":74}}},"fnMap":{"0":{"name":"(anonymous_0)","decl":{"start":{"line":12,"column":3},"end":{"line":12,"column":4}},"loc":{"start":{"line":12,"column":17},"end":{"line":15,"column":5}},"line":12},"1":{"name":"(anonymous_1)","decl":{"start":{"line":17,"column":4},"end":{"line":17,"column":5}},"loc":{"start":{"line":17,"column":38},"end":{"line":19,"column":5}},"line":17},"2":{"name":"(anonymous_2)","decl":{"start":{"line":23,"column":4},"end":{"line":23,"column":5}},"loc":{"start":{"line":23,"column":21},"end":{"line":26,"column":5}},"line":23}},"branchMap":{},"s":{"0":5,"1":5,"2":5,"3":5,"4":5,"5":5,"6":5,"7":0,"8":5,"9":5},"f":{"0":5,"1":0,"2":5},"b":{},"_coverageSchema":"1a1c01bbd47fc00a2c39e90264f33305004495a9","hash":"e20dbc7bfad362e8dc35ce35b9e25b11eaaaf831"}
,"/Users/umar/projects/Rello/src/services/LoyaltyService.ts": {"path":"/Users/umar/projects/Rello/src/services/LoyaltyService.ts","statementMap":{"0":{"start":{"line":10,"column":8},"end":{"line":10,"column":15}},"1":{"start":{"line":14,"column":8},"end":{"line":22,"column":9}},"2":{"start":{"line":15,"column":26},"end":{"line":15,"column":87}},"3":{"start":{"line":16,"column":11},"end":{"line":16,"column":51}},"4":{"start":{"line":18,"column":11},"end":{"line":18,"column":22}},"5":{"start":{"line":20,"column":38},"end":{"line":20,"column":78}},"6":{"start":{"line":21,"column":12},"end":{"line":21,"column":36}},"7":{"start":{"line":27,"column":8},"end":{"line":32,"column":9}},"8":{"start":{"line":28,"column":26},"end":{"line":28,"column":84}},"9":{"start":{"line":29,"column":11},"end":{"line":29,"column":22}},"10":{"start":{"line":31,"column":12},"end":{"line":31,"column":23}},"11":{"start":{"line":36,"column":8},"end":{"line":44,"column":9}},"12":{"start":{"line":37,"column":24},"end":{"line":37,"column":51}},"13":{"start":{"line":38,"column":26},"end":{"line":38,"column":106}},"14":{"start":{"line":39,"column":11},"end":{"line":39,"column":63}},"15":{"start":{"line":40,"column":10},"end":{"line":40,"column":21}},"16":{"start":{"line":42,"column":48},"end":{"line":42,"column":98}},"17":{"start":{"line":43,"column":12},"end":{"line":43,"column":46}},"18":{"start":{"line":49,"column":8},"end":{"line":55,"column":9}},"19":{"start":{"line":50,"column":25},"end":{"line":50,"column":52}},"20":{"start":{"line":51,"column":27},"end":{"line":51,"column":112}},"21":{"start":{"line":52,"column":11},"end":{"line":52,"column":22}},"22":{"start":{"line":54,"column":12},"end":{"line":54,"column":23}},"23":{"start":{"line":59,"column":8},"end":{"line":65,"column":9}},"24":{"start":{"line":60,"column":26},"end":{"line":60,"column":106}},"25":{"start":{"line":61,"column":10},"end":{"line":61,"column":21}},"26":{"start":{"line":63,"column":12},"end":{"line":63,"column":49}},"27":{"start":{"line":64,"column":12},"end":{"line":64,"column":23}}},"fnMap":{"0":{"name":"(anonymous_0)","decl":{"start":{"line":9,"column":4},"end":{"line":9,"column":5}},"loc":{"start":{"line":9,"column":17},"end":{"line":11,"column":5}},"line":9},"1":{"name":"(anonymous_1)","decl":{"start":{"line":13,"column":3},"end":{"line":13,"column":4}},"loc":{"start":{"line":13,"column":29},"end":{"line":23,"column":5}},"line":13},"2":{"name":"(anonymous_2)","decl":{"start":{"line":26,"column":4},"end":{"line":26,"column":5}},"loc":{"start":{"line":26,"column":47},"end":{"line":33,"column":5}},"line":26},"3":{"name":"(anonymous_3)","decl":{"start":{"line":35,"column":4},"end":{"line":35,"column":5}},"loc":{"start":{"line":35,"column":28},"end":{"line":45,"column":5}},"line":35},"4":{"name":"(anonymous_4)","decl":{"start":{"line":48,"column":4},"end":{"line":48,"column":5}},"loc":{"start":{"line":48,"column":42},"end":{"line":56,"column":5}},"line":48},"5":{"name":"(anonymous_5)","decl":{"start":{"line":58,"column":4},"end":{"line":58,"column":5}},"loc":{"start":{"line":58,"column":39},"end":{"line":66,"column":5}},"line":58}},"branchMap":{},"s":{"0":1,"1":0,"2":0,"3":0,"4":0,"5":0,"6":0,"7":0,"8":0,"9":0,"10":0,"11":0,"12":0,"13":0,"14":0,"15":0,"16":0,"17":0,"18":0,"19":0,"20":0,"21":0,"22":0,"23":0,"24":0,"25":0,"26":0,"27":0},"f":{"0":1,"1":0,"2":0,"3":0,"4":0,"5":0},"b":{},"_coverageSchema":"1a1c01bbd47fc00a2c39e90264f33305004495a9","hash":"c989396d292e0f37680d8ac6c0b581a73ca15c64"}
,"/Users/umar/projects/Rello/src/services/PromotionService.ts": {"path":"/Users/umar/projects/Rello/src/services/PromotionService.ts","statementMap":{"0":{"start":{"line":7,"column":8},"end":{"line":13,"column":9}},"1":{"start":{"line":8,"column":26},"end":{"line":8,"column":80}},"2":{"start":{"line":9,"column":11},"end":{"line":9,"column":22}},"3":{"start":{"line":12,"column":12},"end":{"line":12,"column":23}},"4":{"start":{"line":17,"column":8},"end":{"line":22,"column":9}},"5":{"start":{"line":18,"column":27},"end":{"line":18,"column":103}},"6":{"start":{"line":19,"column":11},"end":{"line":19,"column":37}},"7":{"start":{"line":21,"column":12},"end":{"line":21,"column":23}},"8":{"start":{"line":26,"column":8},"end":{"line":33,"column":9}},"9":{"start":{"line":27,"column":25},"end":{"line":27,"column":72}},"10":{"start":{"line":28,"column":9},"end":{"line":28,"column":39}},"11":{"start":{"line":31,"column":12},"end":{"line":31,"column":38}}},"fnMap":{"0":{"name":"(anonymous_0)","decl":{"start":{"line":6,"column":3},"end":{"line":6,"column":4}},"loc":{"start":{"line":6,"column":28},"end":{"line":14,"column":5}},"line":6},"1":{"name":"(anonymous_1)","decl":{"start":{"line":16,"column":4},"end":{"line":16,"column":5}},"loc":{"start":{"line":16,"column":78},"end":{"line":23,"column":5}},"line":16},"2":{"name":"(anonymous_2)","decl":{"start":{"line":25,"column":4},"end":{"line":25,"column":5}},"loc":{"start":{"line":25,"column":27},"end":{"line":34,"column":5}},"line":25}},"branchMap":{},"s":{"0":0,"1":0,"2":0,"3":0,"4":0,"5":0,"6":0,"7":0,"8":0,"9":0,"10":0,"11":0},"f":{"0":0,"1":0,"2":0},"b":{},"_coverageSchema":"1a1c01bbd47fc00a2c39e90264f33305004495a9","hash":"da8bb5459e85e0f6b9a128b06f8620870b14ff7c"}
,"/Users/umar/projects/Rello/src/store/RootReducer.ts": {"path":"/Users/umar/projects/Rello/src/store/RootReducer.ts","statementMap":{},"fnMap":{},"branchMap":{},"s":{},"f":{},"b":{},"_coverageSchema":"1a1c01bbd47fc00a2c39e90264f33305004495a9","hash":"05b5434d8e7b668ca053acc4ed7733b567b137f5"}
,"/Users/umar/projects/Rello/src/store/Store.ts": {"path":"/Users/umar/projects/Rello/src/store/Store.ts","statementMap":{"0":{"start":{"line":3,"column":14},"end":{"line":8,"column":2}}},"fnMap":{},"branchMap":{},"s":{"0":1},"f":{},"b":{},"_coverageSchema":"1a1c01bbd47fc00a2c39e90264f33305004495a9","hash":"7e3e70cd8f1108ffc67cce63f6a09842a63dc02f"}
,"/Users/umar/projects/Rello/src/store/auth/AuthSlice.ts": {"path":"/Users/umar/projects/Rello/src/store/auth/AuthSlice.ts","statementMap":{"0":{"start":{"line":12,"column":35},"end":{"line":12,"column":37}},"1":{"start":{"line":14,"column":14},"end":{"line":33,"column":2}},"2":{"start":{"line":23,"column":12},"end":{"line":23,"column":29}},"3":{"start":{"line":26,"column":12},"end":{"line":26,"column":30}},"4":{"start":{"line":30,"column":8},"end":{"line":30,"column":42}},"5":{"start":{"line":37,"column":31},"end":{"line":40,"column":1}},"6":{"start":{"line":37,"column":37},"end":{"line":40,"column":1}},"7":{"start":{"line":38,"column":24},"end":{"line":38,"column":51}},"8":{"start":{"line":39,"column":4},"end":{"line":39,"column":42}},"9":{"start":{"line":41,"column":59},"end":{"line":41,"column":72}}},"fnMap":{"0":{"name":"(anonymous_0)","decl":{"start":{"line":22,"column":22},"end":{"line":22,"column":23}},"loc":{"start":{"line":22,"column":33},"end":{"line":24,"column":9}},"line":22},"1":{"name":"(anonymous_1)","decl":{"start":{"line":25,"column":20},"end":{"line":25,"column":21}},"loc":{"start":{"line":25,"column":31},"end":{"line":27,"column":9}},"line":25},"2":{"name":"(anonymous_2)","decl":{"start":{"line":29,"column":21},"end":{"line":29,"column":22}},"loc":{"start":{"line":29,"column":68},"end":{"line":31,"column":5}},"line":29},"3":{"name":"(anonymous_3)","decl":{"start":{"line":37,"column":31},"end":{"line":37,"column":32}},"loc":{"start":{"line":37,"column":37},"end":{"line":40,"column":1}},"line":37},"4":{"name":"(anonymous_4)","decl":{"start":{"line":37,"column":37},"end":{"line":37,"column":38}},"loc":{"start":{"line":37,"column":97},"end":{"line":40,"column":1}},"line":37}},"branchMap":{},"s":{"0":1,"1":1,"2":0,"3":0,"4":0,"5":1,"6":0,"7":0,"8":0,"9":1},"f":{"0":0,"1":0,"2":0,"3":0,"4":0},"b":{},"_coverageSchema":"1a1c01bbd47fc00a2c39e90264f33305004495a9","hash":"1de5163b6ced38d1a669bef92c8f9893454ad4a9"}
,"/Users/umar/projects/Rello/src/store/entities/DiscountSlice.ts": {"path":"/Users/umar/projects/Rello/src/store/entities/DiscountSlice.ts","statementMap":{"0":{"start":{"line":16,"column":41},"end":{"line":16,"column":43}},"1":{"start":{"line":18,"column":15},"end":{"line":52,"column":2}},"2":{"start":{"line":28,"column":12},"end":{"line":28,"column":48}},"3":{"start":{"line":32,"column":12},"end":{"line":32,"column":51}},"4":{"start":{"line":37,"column":11},"end":{"line":37,"column":57}},"5":{"start":{"line":41,"column":12},"end":{"line":41,"column":54}},"6":{"start":{"line":45,"column":12},"end":{"line":45,"column":44}},"7":{"start":{"line":49,"column":12},"end":{"line":49,"column":55}},"8":{"start":{"line":54,"column":33},"end":{"line":63,"column":1}},"9":{"start":{"line":54,"column":39},"end":{"line":63,"column":1}},"10":{"start":{"line":55,"column":4},"end":{"line":55,"column":27}},"11":{"start":{"line":57,"column":26},"end":{"line":57,"column":69}},"12":{"start":{"line":59,"column":4},"end":{"line":59,"column":41}},"13":{"start":{"line":61,"column":4},"end":{"line":61,"column":26}},"14":{"start":{"line":66,"column":33},"end":{"line":87,"column":1}},"15":{"start":{"line":66,"column":63},"end":{"line":87,"column":1}},"16":{"start":{"line":67,"column":31},"end":{"line":67,"column":79}},"17":{"start":{"line":68,"column":26},"end":{"line":68,"column":150}},"18":{"start":{"line":68,"column":63},"end":{"line":68,"column":149}},"19":{"start":{"line":69,"column":3},"end":{"line":76,"column":4}},"20":{"start":{"line":70,"column":5},"end":{"line":70,"column":83}},"21":{"start":{"line":72,"column":5},"end":{"line":74,"column":13}},"22":{"start":{"line":73,"column":8},"end":{"line":73,"column":34}},"23":{"start":{"line":75,"column":4},"end":{"line":75,"column":10}},"24":{"start":{"line":78,"column":4},"end":{"line":78,"column":27}},"25":{"start":{"line":79,"column":4},"end":{"line":86,"column":5}},"26":{"start":{"line":80,"column":35},"end":{"line":80,"column":77}},"27":{"start":{"line":81,"column":8},"end":{"line":81,"column":59}},"28":{"start":{"line":82,"column":8},"end":{"line":82,"column":30}},"29":{"start":{"line":84,"column":8},"end":{"line":84,"column":30}},"30":{"start":{"line":85,"column":8},"end":{"line":85,"column":72}},"31":{"start":{"line":89,"column":39},"end":{"line":99,"column":1}},"32":{"start":{"line":89,"column":45},"end":{"line":99,"column":1}},"33":{"start":{"line":90,"column":4},"end":{"line":97,"column":5}},"34":{"start":{"line":91,"column":8},"end":{"line":91,"column":31}},"35":{"start":{"line":92,"column":29},"end":{"line":92,"column":75}},"36":{"start":{"line":93,"column":7},"end":{"line":93,"column":48}},"37":{"start":{"line":94,"column":7},"end":{"line":94,"column":29}},"38":{"start":{"line":96,"column":8},"end":{"line":96,"column":30}},"39":{"start":{"line":102,"column":40},"end":{"line":113,"column":1}},"40":{"start":{"line":102,"column":46},"end":{"line":113,"column":1}},"41":{"start":{"line":103,"column":4},"end":{"line":112,"column":5}},"42":{"start":{"line":104,"column":29},"end":{"line":104,"column":84}},"43":{"start":{"line":105,"column":8},"end":{"line":105,"column":61}},"44":{"start":{"line":107,"column":8},"end":{"line":107,"column":73}},"45":{"start":{"line":108,"column":8},"end":{"line":110,"column":13}},"46":{"start":{"line":109,"column":8},"end":{"line":109,"column":34}},"47":{"start":{"line":117,"column":131},"end":{"line":117,"column":144}}},"fnMap":{"0":{"name":"(anonymous_0)","decl":{"start":{"line":27,"column":21},"end":{"line":27,"column":22}},"loc":{"start":{"line":27,"column":74},"end":{"line":29,"column":9}},"line":27},"1":{"name":"(anonymous_1)","decl":{"start":{"line":31,"column":24},"end":{"line":31,"column":25}},"loc":{"start":{"line":31,"column":78},"end":{"line":34,"column":9}},"line":31},"2":{"name":"(anonymous_2)","decl":{"start":{"line":36,"column":31},"end":{"line":36,"column":32}},"loc":{"start":{"line":36,"column":95},"end":{"line":38,"column":9}},"line":36},"3":{"name":"(anonymous_3)","decl":{"start":{"line":40,"column":26},"end":{"line":40,"column":27}},"loc":{"start":{"line":40,"column":92},"end":{"line":42,"column":9}},"line":40},"4":{"name":"(anonymous_4)","decl":{"start":{"line":44,"column":22},"end":{"line":44,"column":23}},"loc":{"start":{"line":44,"column":77},"end":{"line":46,"column":9}},"line":44},"5":{"name":"(anonymous_5)","decl":{"start":{"line":48,"column":39},"end":{"line":48,"column":40}},"loc":{"start":{"line":48,"column":97},"end":{"line":50,"column":9}},"line":48},"6":{"name":"(anonymous_6)","decl":{"start":{"line":54,"column":33},"end":{"line":54,"column":34}},"loc":{"start":{"line":54,"column":39},"end":{"line":63,"column":1}},"line":54},"7":{"name":"(anonymous_7)","decl":{"start":{"line":54,"column":39},"end":{"line":54,"column":40}},"loc":{"start":{"line":54,"column":98},"end":{"line":63,"column":1}},"line":54},"8":{"name":"(anonymous_8)","decl":{"start":{"line":66,"column":33},"end":{"line":66,"column":34}},"loc":{"start":{"line":66,"column":63},"end":{"line":87,"column":1}},"line":66},"9":{"name":"(anonymous_9)","decl":{"start":{"line":66,"column":63},"end":{"line":66,"column":64}},"loc":{"start":{"line":66,"column":123},"end":{"line":87,"column":1}},"line":66},"10":{"name":"(anonymous_10)","decl":{"start":{"line":68,"column":51},"end":{"line":68,"column":52}},"loc":{"start":{"line":68,"column":63},"end":{"line":68,"column":149}},"line":68},"11":{"name":"(anonymous_11)","decl":{"start":{"line":72,"column":16},"end":{"line":72,"column":17}},"loc":{"start":{"line":72,"column":22},"end":{"line":74,"column":6}},"line":72},"12":{"name":"(anonymous_12)","decl":{"start":{"line":89,"column":39},"end":{"line":89,"column":40}},"loc":{"start":{"line":89,"column":45},"end":{"line":99,"column":1}},"line":89},"13":{"name":"(anonymous_13)","decl":{"start":{"line":89,"column":45},"end":{"line":89,"column":46}},"loc":{"start":{"line":89,"column":105},"end":{"line":99,"column":1}},"line":89},"14":{"name":"(anonymous_14)","decl":{"start":{"line":102,"column":40},"end":{"line":102,"column":41}},"loc":{"start":{"line":102,"column":46},"end":{"line":113,"column":1}},"line":102},"15":{"name":"(anonymous_15)","decl":{"start":{"line":102,"column":46},"end":{"line":102,"column":47}},"loc":{"start":{"line":102,"column":105},"end":{"line":113,"column":1}},"line":102},"16":{"name":"(anonymous_16)","decl":{"start":{"line":108,"column":19},"end":{"line":108,"column":20}},"loc":{"start":{"line":108,"column":25},"end":{"line":110,"column":6}},"line":108}},"branchMap":{"0":{"loc":{"start":{"line":68,"column":63},"end":{"line":68,"column":149}},"type":"binary-expr","locations":[{"start":{"line":68,"column":63},"end":{"line":68,"column":102}},{"start":{"line":68,"column":106},"end":{"line":68,"column":149}}],"line":68},"1":{"loc":{"start":{"line":69,"column":3},"end":{"line":76,"column":4}},"type":"if","locations":[{"start":{"line":69,"column":3},"end":{"line":76,"column":4}},{"start":{},"end":{}}],"line":69}},"s":{"0":1,"1":1,"2":0,"3":0,"4":0,"5":0,"6":1,"7":0,"8":1,"9":1,"10":1,"11":1,"12":1,"13":1,"14":1,"15":0,"16":0,"17":0,"18":0,"19":0,"20":0,"21":0,"22":0,"23":0,"24":0,"25":0,"26":0,"27":0,"28":0,"29":0,"30":0,"31":1,"32":0,"33":0,"34":0,"35":0,"36":0,"37":0,"38":0,"39":1,"40":0,"41":0,"42":0,"43":0,"44":0,"45":0,"46":0,"47":1},"f":{"0":0,"1":0,"2":0,"3":0,"4":1,"5":0,"6":1,"7":1,"8":0,"9":0,"10":0,"11":0,"12":0,"13":0,"14":0,"15":0,"16":0},"b":{"0":[0,0],"1":[0,0]},"_coverageSchema":"1a1c01bbd47fc00a2c39e90264f33305004495a9","hash":"8a646d37d3a3227fec58a7b3df67f186ed826e70"}
,"/Users/umar/projects/Rello/src/store/entities/GiftSlice.ts": {"path":"/Users/umar/projects/Rello/src/store/entities/GiftSlice.ts","statementMap":{"0":{"start":{"line":21,"column":14},"end":{"line":52,"column":2}},"1":{"start":{"line":30,"column":8},"end":{"line":30,"column":40}},"2":{"start":{"line":34,"column":8},"end":{"line":34,"column":47}},"3":{"start":{"line":38,"column":25},"end":{"line":38,"column":96}},"4":{"start":{"line":38,"column":64},"end":{"line":38,"column":95}},"5":{"start":{"line":39,"column":8},"end":{"line":42,"column":9}},"6":{"start":{"line":40,"column":10},"end":{"line":40,"column":56}},"7":{"start":{"line":41,"column":10},"end":{"line":41,"column":83}},"8":{"start":{"line":41,"column":51},"end":{"line":41,"column":82}},"9":{"start":{"line":48,"column":8},"end":{"line":48,"column":36}},"10":{"start":{"line":55,"column":29},"end":{"line":60,"column":1}},"11":{"start":{"line":55,"column":35},"end":{"line":60,"column":1}},"12":{"start":{"line":56,"column":2},"end":{"line":56,"column":25}},"13":{"start":{"line":57,"column":20},"end":{"line":57,"column":55}},"14":{"start":{"line":58,"column":2},"end":{"line":58,"column":35}},"15":{"start":{"line":59,"column":2},"end":{"line":59,"column":24}},"16":{"start":{"line":63,"column":80},"end":{"line":63,"column":93}}},"fnMap":{"0":{"name":"(anonymous_0)","decl":{"start":{"line":29,"column":19},"end":{"line":29,"column":20}},"loc":{"start":{"line":29,"column":65},"end":{"line":31,"column":7}},"line":29},"1":{"name":"(anonymous_1)","decl":{"start":{"line":33,"column":22},"end":{"line":33,"column":23}},"loc":{"start":{"line":33,"column":68},"end":{"line":36,"column":7}},"line":33},"2":{"name":"(anonymous_2)","decl":{"start":{"line":37,"column":27},"end":{"line":37,"column":28}},"loc":{"start":{"line":37,"column":73},"end":{"line":45,"column":7}},"line":37},"3":{"name":"(anonymous_3)","decl":{"start":{"line":38,"column":56},"end":{"line":38,"column":57}},"loc":{"start":{"line":38,"column":64},"end":{"line":38,"column":95}},"line":38},"4":{"name":"(anonymous_4)","decl":{"start":{"line":41,"column":43},"end":{"line":41,"column":44}},"loc":{"start":{"line":41,"column":51},"end":{"line":41,"column":82}},"line":41},"5":{"name":"(anonymous_5)","decl":{"start":{"line":47,"column":20},"end":{"line":47,"column":21}},"loc":{"start":{"line":47,"column":66},"end":{"line":49,"column":7}},"line":47},"6":{"name":"(anonymous_6)","decl":{"start":{"line":55,"column":29},"end":{"line":55,"column":30}},"loc":{"start":{"line":55,"column":35},"end":{"line":60,"column":1}},"line":55},"7":{"name":"(anonymous_7)","decl":{"start":{"line":55,"column":35},"end":{"line":55,"column":36}},"loc":{"start":{"line":55,"column":75},"end":{"line":60,"column":1}},"line":55}},"branchMap":{"0":{"loc":{"start":{"line":39,"column":8},"end":{"line":42,"column":9}},"type":"if","locations":[{"start":{"line":39,"column":8},"end":{"line":42,"column":9}},{"start":{},"end":{}}],"line":39}},"s":{"0":1,"1":0,"2":0,"3":0,"4":0,"5":0,"6":0,"7":0,"8":0,"9":0,"10":1,"11":0,"12":0,"13":0,"14":0,"15":0,"16":1},"f":{"0":0,"1":0,"2":0,"3":0,"4":0,"5":0,"6":0,"7":0},"b":{"0":[0,0]},"_coverageSchema":"1a1c01bbd47fc00a2c39e90264f33305004495a9","hash":"2b3a6717357b8bf0fec7a68b1d6b35b9663b742c"}
,"/Users/umar/projects/Rello/src/store/entities/LoyaltySlice.ts": {"path":"/Users/umar/projects/Rello/src/store/entities/LoyaltySlice.ts","statementMap":{"0":{"start":{"line":17,"column":40},"end":{"line":17,"column":42}},"1":{"start":{"line":19,"column":14},"end":{"line":60,"column":2}},"2":{"start":{"line":32,"column":12},"end":{"line":32,"column":48}},"3":{"start":{"line":36,"column":12},"end":{"line":36,"column":50}},"4":{"start":{"line":41,"column":12},"end":{"line":41,"column":58}},"5":{"start":{"line":45,"column":12},"end":{"line":45,"column":44}},"6":{"start":{"line":49,"column":12},"end":{"line":49,"column":54}},"7":{"start":{"line":53,"column":12},"end":{"line":53,"column":54}},"8":{"start":{"line":57,"column":12},"end":{"line":57,"column":52}},"9":{"start":{"line":62,"column":37},"end":{"line":70,"column":1}},"10":{"start":{"line":62,"column":43},"end":{"line":70,"column":1}},"11":{"start":{"line":64,"column":4},"end":{"line":69,"column":5}},"12":{"start":{"line":73,"column":32},"end":{"line":83,"column":1}},"13":{"start":{"line":73,"column":38},"end":{"line":83,"column":1}},"14":{"start":{"line":74,"column":4},"end":{"line":82,"column":5}},"15":{"start":{"line":75,"column":4},"end":{"line":75,"column":27}},"16":{"start":{"line":76,"column":25},"end":{"line":76,"column":66}},"17":{"start":{"line":77,"column":4},"end":{"line":77,"column":38}},"18":{"start":{"line":79,"column":4},"end":{"line":79,"column":26}},"19":{"start":{"line":81,"column":8},"end":{"line":81,"column":30}},"20":{"start":{"line":86,"column":34},"end":{"line":113,"column":1}},"21":{"start":{"line":86,"column":62},"end":{"line":113,"column":1}},"22":{"start":{"line":103,"column":4},"end":{"line":111,"column":5}},"23":{"start":{"line":104,"column":8},"end":{"line":104,"column":31}},"24":{"start":{"line":105,"column":29},"end":{"line":105,"column":69}},"25":{"start":{"line":106,"column":8},"end":{"line":106,"column":54}},"26":{"start":{"line":107,"column":8},"end":{"line":107,"column":30}},"27":{"start":{"line":109,"column":8},"end":{"line":109,"column":30}},"28":{"start":{"line":110,"column":8},"end":{"line":110,"column":71}},"29":{"start":{"line":116,"column":39},"end":{"line":125,"column":1}},"30":{"start":{"line":116,"column":45},"end":{"line":125,"column":1}},"31":{"start":{"line":117,"column":4},"end":{"line":124,"column":5}},"32":{"start":{"line":118,"column":8},"end":{"line":118,"column":31}},"33":{"start":{"line":119,"column":30},"end":{"line":119,"column":69}},"34":{"start":{"line":120,"column":8},"end":{"line":120,"column":49}},"35":{"start":{"line":121,"column":8},"end":{"line":121,"column":30}},"36":{"start":{"line":123,"column":8},"end":{"line":123,"column":30}},"37":{"start":{"line":127,"column":39},"end":{"line":139,"column":1}},"38":{"start":{"line":127,"column":45},"end":{"line":139,"column":1}},"39":{"start":{"line":128,"column":4},"end":{"line":138,"column":5}},"40":{"start":{"line":129,"column":27},"end":{"line":129,"column":79}},"41":{"start":{"line":130,"column":6},"end":{"line":130,"column":58}},"42":{"start":{"line":133,"column":8},"end":{"line":133,"column":77}},"43":{"start":{"line":134,"column":8},"end":{"line":136,"column":16}},"44":{"start":{"line":135,"column":12},"end":{"line":135,"column":38}},"45":{"start":{"line":143,"column":156},"end":{"line":143,"column":169}}},"fnMap":{"0":{"name":"(anonymous_0)","decl":{"start":{"line":31,"column":20},"end":{"line":31,"column":21}},"loc":{"start":{"line":31,"column":72},"end":{"line":33,"column":9}},"line":31},"1":{"name":"(anonymous_1)","decl":{"start":{"line":35,"column":23},"end":{"line":35,"column":24}},"loc":{"start":{"line":35,"column":75},"end":{"line":38,"column":9}},"line":35},"2":{"name":"(anonymous_2)","decl":{"start":{"line":40,"column":32},"end":{"line":40,"column":33}},"loc":{"start":{"line":40,"column":94},"end":{"line":42,"column":9}},"line":40},"3":{"name":"(anonymous_3)","decl":{"start":{"line":44,"column":20},"end":{"line":44,"column":21}},"loc":{"start":{"line":44,"column":74},"end":{"line":46,"column":9}},"line":44},"4":{"name":"(anonymous_4)","decl":{"start":{"line":48,"column":26},"end":{"line":48,"column":27}},"loc":{"start":{"line":48,"column":90},"end":{"line":50,"column":9}},"line":48},"5":{"name":"(anonymous_5)","decl":{"start":{"line":52,"column":38},"end":{"line":52,"column":39}},"loc":{"start":{"line":52,"column":94},"end":{"line":54,"column":9}},"line":52},"6":{"name":"(anonymous_6)","decl":{"start":{"line":56,"column":37},"end":{"line":56,"column":38}},"loc":{"start":{"line":56,"column":90},"end":{"line":58,"column":9}},"line":56},"7":{"name":"(anonymous_7)","decl":{"start":{"line":62,"column":37},"end":{"line":62,"column":38}},"loc":{"start":{"line":62,"column":43},"end":{"line":70,"column":1}},"line":62},"8":{"name":"(anonymous_8)","decl":{"start":{"line":62,"column":43},"end":{"line":62,"column":44}},"loc":{"start":{"line":62,"column":102},"end":{"line":70,"column":1}},"line":62},"9":{"name":"(anonymous_9)","decl":{"start":{"line":73,"column":32},"end":{"line":73,"column":33}},"loc":{"start":{"line":73,"column":38},"end":{"line":83,"column":1}},"line":73},"10":{"name":"(anonymous_10)","decl":{"start":{"line":73,"column":38},"end":{"line":73,"column":39}},"loc":{"start":{"line":73,"column":97},"end":{"line":83,"column":1}},"line":73},"11":{"name":"(anonymous_11)","decl":{"start":{"line":86,"column":34},"end":{"line":86,"column":35}},"loc":{"start":{"line":86,"column":62},"end":{"line":113,"column":1}},"line":86},"12":{"name":"(anonymous_12)","decl":{"start":{"line":86,"column":62},"end":{"line":86,"column":63}},"loc":{"start":{"line":86,"column":122},"end":{"line":113,"column":1}},"line":86},"13":{"name":"(anonymous_13)","decl":{"start":{"line":116,"column":39},"end":{"line":116,"column":40}},"loc":{"start":{"line":116,"column":45},"end":{"line":125,"column":1}},"line":116},"14":{"name":"(anonymous_14)","decl":{"start":{"line":116,"column":45},"end":{"line":116,"column":46}},"loc":{"start":{"line":116,"column":104},"end":{"line":125,"column":1}},"line":116},"15":{"name":"(anonymous_15)","decl":{"start":{"line":127,"column":39},"end":{"line":127,"column":40}},"loc":{"start":{"line":127,"column":45},"end":{"line":139,"column":1}},"line":127},"16":{"name":"(anonymous_16)","decl":{"start":{"line":127,"column":45},"end":{"line":127,"column":46}},"loc":{"start":{"line":127,"column":104},"end":{"line":139,"column":1}},"line":127},"17":{"name":"(anonymous_17)","decl":{"start":{"line":134,"column":19},"end":{"line":134,"column":20}},"loc":{"start":{"line":134,"column":25},"end":{"line":136,"column":9}},"line":134}},"branchMap":{},"s":{"0":1,"1":1,"2":0,"3":0,"4":0,"5":0,"6":0,"7":0,"8":0,"9":1,"10":0,"11":0,"12":1,"13":0,"14":0,"15":0,"16":0,"17":0,"18":0,"19":0,"20":1,"21":0,"22":0,"23":0,"24":0,"25":0,"26":0,"27":0,"28":0,"29":1,"30":0,"31":0,"32":0,"33":0,"34":0,"35":0,"36":0,"37":1,"38":0,"39":0,"40":0,"41":0,"42":0,"43":0,"44":0,"45":1},"f":{"0":0,"1":0,"2":0,"3":0,"4":0,"5":0,"6":0,"7":0,"8":0,"9":0,"10":0,"11":0,"12":0,"13":0,"14":0,"15":0,"16":0,"17":0},"b":{},"_coverageSchema":"1a1c01bbd47fc00a2c39e90264f33305004495a9","hash":"452f2a81ebcee2a4157465acc6b3bf34dba5b371"}
,"/Users/umar/projects/Rello/src/store/entities/PromotionSlice.ts": {"path":"/Users/umar/projects/Rello/src/store/entities/PromotionSlice.ts","statementMap":{"0":{"start":{"line":13,"column":14},"end":{"line":28,"column":2}},"1":{"start":{"line":21,"column":12},"end":{"line":21,"column":45}},"2":{"start":{"line":25,"column":12},"end":{"line":25,"column":52}},"3":{"start":{"line":33,"column":30},"end":{"line":44,"column":1}},"4":{"start":{"line":33,"column":36},"end":{"line":44,"column":1}},"5":{"start":{"line":34,"column":4},"end":{"line":43,"column":5}},"6":{"start":{"line":35,"column":8},"end":{"line":35,"column":31}},"7":{"start":{"line":36,"column":27},"end":{"line":36,"column":68}},"8":{"start":{"line":38,"column":8},"end":{"line":38,"column":50}},"9":{"start":{"line":39,"column":8},"end":{"line":39,"column":30}},"10":{"start":{"line":42,"column":8},"end":{"line":42,"column":30}},"11":{"start":{"line":46,"column":55},"end":{"line":46,"column":68}}},"fnMap":{"0":{"name":"(anonymous_0)","decl":{"start":{"line":20,"column":30},"end":{"line":20,"column":31}},"loc":{"start":{"line":20,"column":93},"end":{"line":22,"column":9}},"line":20},"1":{"name":"(anonymous_1)","decl":{"start":{"line":24,"column":25},"end":{"line":24,"column":26}},"loc":{"start":{"line":24,"column":96},"end":{"line":26,"column":9}},"line":24},"2":{"name":"(anonymous_2)","decl":{"start":{"line":33,"column":30},"end":{"line":33,"column":31}},"loc":{"start":{"line":33,"column":36},"end":{"line":44,"column":1}},"line":33},"3":{"name":"(anonymous_3)","decl":{"start":{"line":33,"column":36},"end":{"line":33,"column":37}},"loc":{"start":{"line":33,"column":75},"end":{"line":44,"column":1}},"line":33}},"branchMap":{},"s":{"0":1,"1":0,"2":0,"3":1,"4":0,"5":0,"6":0,"7":0,"8":0,"9":0,"10":0,"11":1},"f":{"0":0,"1":0,"2":0,"3":0},"b":{},"_coverageSchema":"1a1c01bbd47fc00a2c39e90264f33305004495a9","hash":"0afa163a45dce257bdfc7909c019209f097caef1"}
,"/Users/umar/projects/Rello/src/store/entities/reducer.ts": {"path":"/Users/umar/projects/Rello/src/store/entities/reducer.ts","statementMap":{},"fnMap":{},"branchMap":{},"s":{},"f":{},"b":{},"_coverageSchema":"1a1c01bbd47fc00a2c39e90264f33305004495a9","hash":"5c9aef1662bb9b6b55dc00cc476d7c1590f296fa"}
,"/Users/umar/projects/Rello/src/store/ui/UI.ts": {"path":"/Users/umar/projects/Rello/src/store/ui/UI.ts","statementMap":{"0":{"start":{"line":15,"column":15},"end":{"line":77,"column":2}},"1":{"start":{"line":28,"column":12},"end":{"line":28,"column":42}},"2":{"start":{"line":31,"column":12},"end":{"line":31,"column":43}},"3":{"start":{"line":35,"column":12},"end":{"line":35,"column":34}},"4":{"start":{"line":39,"column":12},"end":{"line":39,"column":35}},"5":{"start":{"line":43,"column":12},"end":{"line":43,"column":46}},"6":{"start":{"line":48,"column":12},"end":{"line":48,"column":47}},"7":{"start":{"line":52,"column":12},"end":{"line":52,"column":39}},"8":{"start":{"line":53,"column":12},"end":{"line":53,"column":47}},"9":{"start":{"line":57,"column":12},"end":{"line":57,"column":40}},"10":{"start":{"line":58,"column":12},"end":{"line":58,"column":35}},"11":{"start":{"line":62,"column":12},"end":{"line":62,"column":32}},"12":{"start":{"line":66,"column":12},"end":{"line":66,"column":36}},"13":{"start":{"line":70,"column":12},"end":{"line":70,"column":33}},"14":{"start":{"line":74,"column":12},"end":{"line":74,"column":37}},"15":{"start":{"line":80,"column":189},"end":{"line":80,"column":202}}},"fnMap":{"0":{"name":"(anonymous_0)","decl":{"start":{"line":27,"column":27},"end":{"line":27,"column":28}},"loc":{"start":{"line":27,"column":38},"end":{"line":29,"column":9}},"line":27},"1":{"name":"(anonymous_1)","decl":{"start":{"line":30,"column":28},"end":{"line":30,"column":29}},"loc":{"start":{"line":30,"column":39},"end":{"line":32,"column":9}},"line":30},"2":{"name":"(anonymous_2)","decl":{"start":{"line":34,"column":21},"end":{"line":34,"column":22}},"loc":{"start":{"line":34,"column":32},"end":{"line":36,"column":9}},"line":34},"3":{"name":"(anonymous_3)","decl":{"start":{"line":38,"column":20},"end":{"line":38,"column":21}},"loc":{"start":{"line":38,"column":31},"end":{"line":40,"column":9}},"line":38},"4":{"name":"(anonymous_4)","decl":{"start":{"line":42,"column":24},"end":{"line":42,"column":25}},"loc":{"start":{"line":42,"column":35},"end":{"line":45,"column":9}},"line":42},"5":{"name":"(anonymous_5)","decl":{"start":{"line":47,"column":25},"end":{"line":47,"column":26}},"loc":{"start":{"line":47,"column":36},"end":{"line":49,"column":9}},"line":47},"6":{"name":"(anonymous_6)","decl":{"start":{"line":51,"column":24},"end":{"line":51,"column":25}},"loc":{"start":{"line":51,"column":66},"end":{"line":54,"column":9}},"line":51},"7":{"name":"(anonymous_7)","decl":{"start":{"line":56,"column":24},"end":{"line":56,"column":25}},"loc":{"start":{"line":56,"column":35},"end":{"line":59,"column":9}},"line":56},"8":{"name":"(anonymous_8)","decl":{"start":{"line":61,"column":18},"end":{"line":61,"column":19}},"loc":{"start":{"line":61,"column":29},"end":{"line":63,"column":9}},"line":61},"9":{"name":"(anonymous_9)","decl":{"start":{"line":65,"column":19},"end":{"line":65,"column":20}},"loc":{"start":{"line":65,"column":30},"end":{"line":67,"column":9}},"line":65},"10":{"name":"(anonymous_10)","decl":{"start":{"line":69,"column":19},"end":{"line":69,"column":20}},"loc":{"start":{"line":69,"column":30},"end":{"line":71,"column":9}},"line":69},"11":{"name":"(anonymous_11)","decl":{"start":{"line":73,"column":20},"end":{"line":73,"column":21}},"loc":{"start":{"line":73,"column":31},"end":{"line":75,"column":9}},"line":73}},"branchMap":{},"s":{"0":1,"1":0,"2":0,"3":1,"4":1,"5":0,"6":0,"7":0,"8":0,"9":0,"10":0,"11":0,"12":0,"13":0,"14":0,"15":1},"f":{"0":0,"1":0,"2":1,"3":1,"4":0,"5":0,"6":0,"7":0,"8":0,"9":0,"10":0,"11":0},"b":{},"_coverageSchema":"1a1c01bbd47fc00a2c39e90264f33305004495a9","hash":"f50dd50d123182667ea9c9a21ce232187cfaefbb"}
}
