TN:
SF:src/models/SecureStore.ts
FN:22,(anonymous_0)
FN:26,(anonymous_1)
FN:30,(anonymous_2)
FN:34,(anonymous_3)
FN:38,(anonymous_4)
FN:43,(anonymous_5)
FN:47,(anonymous_6)
FN:52,(anonymous_7)
FN:58,(anonymous_8)
FN:65,(anonymous_9)
FN:69,(anonymous_10)
FN:74,(anonymous_11)
FN:81,(anonymous_12)
FN:87,(anonymous_13)
FN:92,(anonymous_14)
FNF:15
FNH:2
FNDA:0,(anonymous_0)
FNDA:0,(anonymous_1)
FNDA:0,(anonymous_2)
FNDA:5,(anonymous_3)
FNDA:0,(anonymous_4)
FNDA:1,(anonymous_5)
FNDA:0,(anonymous_6)
FNDA:0,(anonymous_7)
FNDA:0,(anonymous_8)
FNDA:0,(anonymous_9)
FNDA:0,(anonymous_10)
FNDA:0,(anonymous_11)
FNDA:0,(anonymous_12)
FNDA:0,(anonymous_13)
FNDA:0,(anonymous_14)
DA:14,1
DA:15,1
DA:16,1
DA:17,1
DA:18,1
DA:19,1
DA:20,1
DA:23,0
DA:27,0
DA:31,0
DA:35,5
DA:39,0
DA:44,1
DA:48,0
DA:53,0
DA:54,0
DA:55,0
DA:59,0
DA:60,0
DA:61,0
DA:66,0
DA:70,0
DA:75,0
DA:76,0
DA:77,0
DA:82,0
DA:83,0
DA:84,0
DA:88,0
DA:93,0
DA:94,0
DA:95,0
LF:32
LH:9
BRDA:55,0,0,0
BRDA:55,0,1,0
BRDA:61,1,0,0
BRDA:61,1,1,0
BRDA:77,2,0,0
BRDA:77,2,1,0
BRDA:84,3,0,0
BRDA:84,3,1,0
BRDA:95,4,0,0
BRDA:95,4,1,0
BRF:10
BRH:0
end_of_record
TN:
SF:src/services/Auth.ts
FN:40,(anonymous_0)
FN:44,(anonymous_1)
FN:55,(anonymous_2)
FN:67,(anonymous_3)
FN:71,(anonymous_4)
FN:76,(anonymous_5)
FN:87,(anonymous_6)
FN:97,(anonymous_7)
FN:106,(anonymous_8)
FNF:9
FNH:1
FNDA:1,(anonymous_0)
FNDA:0,(anonymous_1)
FNDA:0,(anonymous_2)
FNDA:0,(anonymous_3)
FNDA:0,(anonymous_4)
FNDA:0,(anonymous_5)
FNDA:0,(anonymous_6)
FNDA:0,(anonymous_7)
FNDA:0,(anonymous_8)
DA:41,1
DA:45,0
DA:46,0
DA:47,0
DA:48,0
DA:50,0
DA:56,0
DA:57,0
DA:58,0
DA:59,0
DA:62,0
DA:68,0
DA:72,0
DA:73,0
DA:77,0
DA:78,0
DA:79,0
DA:80,0
DA:81,0
DA:83,0
DA:88,0
DA:89,0
DA:90,0
DA:92,0
DA:93,0
DA:98,0
DA:99,0
DA:100,0
DA:102,0
DA:107,0
DA:108,0
DA:109,0
DA:110,0
DA:112,0
LF:34
LH:1
BRF:0
BRH:0
end_of_record
TN:
SF:src/services/DiscountService.ts
FN:11,(anonymous_0)
FN:15,(anonymous_1)
FN:27,(anonymous_2)
FN:37,(anonymous_3)
FN:49,(anonymous_4)
FNF:5
FNH:2
FNDA:1,(anonymous_0)
FNDA:1,(anonymous_1)
FNDA:0,(anonymous_2)
FNDA:0,(anonymous_3)
FNDA:0,(anonymous_4)
DA:12,1
DA:16,1
DA:17,1
DA:19,1
DA:20,1
DA:22,0
DA:23,0
DA:28,0
DA:29,0
DA:30,0
DA:32,0
DA:38,0
DA:39,0
DA:40,0
DA:41,0
DA:42,0
DA:44,0
DA:45,0
DA:50,0
DA:51,0
DA:52,0
DA:53,0
DA:55,0
LF:23
LH:5
BRF:0
BRH:0
end_of_record
TN:
SF:src/services/GiftService.ts
FN:7,(anonymous_0)
FN:11,(anonymous_1)
FNF:2
FNH:1
FNDA:1,(anonymous_0)
FNDA:0,(anonymous_1)
DA:8,1
DA:12,0
DA:13,0
DA:14,0
DA:15,0
DA:17,0
DA:18,0
LF:7
LH:1
BRF:0
BRH:0
end_of_record
TN:
SF:src/services/Https.ts
FN:12,(anonymous_0)
FN:17,(anonymous_1)
FN:23,(anonymous_2)
FNF:3
FNH:2
FNDA:5,(anonymous_0)
FNDA:0,(anonymous_1)
FNDA:5,(anonymous_2)
DA:6,5
DA:7,5
DA:8,5
DA:9,5
DA:10,5
DA:13,5
DA:14,5
DA:18,0
DA:24,5
DA:25,5
LF:10
LH:9
BRF:0
BRH:0
end_of_record
TN:
SF:src/services/LoyaltyService.ts
FN:9,(anonymous_0)
FN:13,(anonymous_1)
FN:26,(anonymous_2)
FN:35,(anonymous_3)
FN:48,(anonymous_4)
FN:58,(anonymous_5)
FNF:6
FNH:1
FNDA:1,(anonymous_0)
FNDA:0,(anonymous_1)
FNDA:0,(anonymous_2)
FNDA:0,(anonymous_3)
FNDA:0,(anonymous_4)
FNDA:0,(anonymous_5)
DA:10,1
DA:14,0
DA:15,0
DA:16,0
DA:18,0
DA:20,0
DA:21,0
DA:27,0
DA:28,0
DA:29,0
DA:31,0
DA:36,0
DA:37,0
DA:38,0
DA:39,0
DA:40,0
DA:42,0
DA:43,0
DA:49,0
DA:50,0
DA:51,0
DA:52,0
DA:54,0
DA:59,0
DA:60,0
DA:61,0
DA:63,0
DA:64,0
LF:28
LH:1
BRF:0
BRH:0
end_of_record
TN:
SF:src/services/PromotionService.ts
FN:6,(anonymous_0)
FN:16,(anonymous_1)
FN:25,(anonymous_2)
FNF:3
FNH:0
FNDA:0,(anonymous_0)
FNDA:0,(anonymous_1)
FNDA:0,(anonymous_2)
DA:7,0
DA:8,0
DA:9,0
DA:12,0
DA:17,0
DA:18,0
DA:19,0
DA:21,0
DA:26,0
DA:27,0
DA:28,0
DA:31,0
LF:12
LH:0
BRF:0
BRH:0
end_of_record
TN:
SF:src/store/RootReducer.ts
FNF:0
FNH:0
LF:0
LH:0
BRF:0
BRH:0
end_of_record
TN:
SF:src/store/Store.ts
FNF:0
FNH:0
DA:3,1
LF:1
LH:1
BRF:0
BRH:0
end_of_record
TN:
SF:src/store/auth/AuthSlice.ts
FN:22,(anonymous_0)
FN:25,(anonymous_1)
FN:29,(anonymous_2)
FN:37,(anonymous_3)
FN:37,(anonymous_4)
FNF:5
FNH:0
FNDA:0,(anonymous_0)
FNDA:0,(anonymous_1)
FNDA:0,(anonymous_2)
FNDA:0,(anonymous_3)
FNDA:0,(anonymous_4)
DA:12,1
DA:14,1
DA:23,0
DA:26,0
DA:30,0
DA:37,1
DA:38,0
DA:39,0
DA:41,1
LF:9
LH:4
BRF:0
BRH:0
end_of_record
TN:
SF:src/store/entities/DiscountSlice.ts
FN:27,(anonymous_0)
FN:31,(anonymous_1)
FN:36,(anonymous_2)
FN:40,(anonymous_3)
FN:44,(anonymous_4)
FN:48,(anonymous_5)
FN:54,(anonymous_6)
FN:54,(anonymous_7)
FN:66,(anonymous_8)
FN:66,(anonymous_9)
FN:68,(anonymous_10)
FN:72,(anonymous_11)
FN:89,(anonymous_12)
FN:89,(anonymous_13)
FN:102,(anonymous_14)
FN:102,(anonymous_15)
FN:108,(anonymous_16)
FNF:17
FNH:3
FNDA:0,(anonymous_0)
FNDA:0,(anonymous_1)
FNDA:0,(anonymous_2)
FNDA:0,(anonymous_3)
FNDA:1,(anonymous_4)
FNDA:0,(anonymous_5)
FNDA:1,(anonymous_6)
FNDA:1,(anonymous_7)
FNDA:0,(anonymous_8)
FNDA:0,(anonymous_9)
FNDA:0,(anonymous_10)
FNDA:0,(anonymous_11)
FNDA:0,(anonymous_12)
FNDA:0,(anonymous_13)
FNDA:0,(anonymous_14)
FNDA:0,(anonymous_15)
FNDA:0,(anonymous_16)
DA:16,1
DA:18,1
DA:28,0
DA:32,0
DA:37,0
DA:41,0
DA:45,1
DA:49,0
DA:54,1
DA:55,1
DA:57,1
DA:59,1
DA:61,1
DA:66,1
DA:67,0
DA:68,0
DA:69,0
DA:70,0
DA:72,0
DA:73,0
DA:75,0
DA:78,0
DA:79,0
DA:80,0
DA:81,0
DA:82,0
DA:84,0
DA:85,0
DA:89,1
DA:90,0
DA:91,0
DA:92,0
DA:93,0
DA:94,0
DA:96,0
DA:102,1
DA:103,0
DA:104,0
DA:105,0
DA:107,0
DA:108,0
DA:109,0
DA:117,1
LF:43
LH:12
BRDA:68,0,0,0
BRDA:68,0,1,0
BRDA:69,1,0,0
BRDA:69,1,1,0
BRF:4
BRH:0
end_of_record
TN:
SF:src/store/entities/GiftSlice.ts
FN:29,(anonymous_0)
FN:33,(anonymous_1)
FN:37,(anonymous_2)
FN:38,(anonymous_3)
FN:41,(anonymous_4)
FN:47,(anonymous_5)
FN:55,(anonymous_6)
FN:55,(anonymous_7)
FNF:8
FNH:0
FNDA:0,(anonymous_0)
FNDA:0,(anonymous_1)
FNDA:0,(anonymous_2)
FNDA:0,(anonymous_3)
FNDA:0,(anonymous_4)
FNDA:0,(anonymous_5)
FNDA:0,(anonymous_6)
FNDA:0,(anonymous_7)
DA:21,1
DA:30,0
DA:34,0
DA:38,0
DA:39,0
DA:40,0
DA:41,0
DA:48,0
DA:55,1
DA:56,0
DA:57,0
DA:58,0
DA:59,0
DA:63,1
LF:14
LH:3
BRDA:39,0,0,0
BRDA:39,0,1,0
BRF:2
BRH:0
end_of_record
TN:
SF:src/store/entities/LoyaltySlice.ts
FN:31,(anonymous_0)
FN:35,(anonymous_1)
FN:40,(anonymous_2)
FN:44,(anonymous_3)
FN:48,(anonymous_4)
FN:52,(anonymous_5)
FN:56,(anonymous_6)
FN:62,(anonymous_7)
FN:62,(anonymous_8)
FN:73,(anonymous_9)
FN:73,(anonymous_10)
FN:86,(anonymous_11)
FN:86,(anonymous_12)
FN:116,(anonymous_13)
FN:116,(anonymous_14)
FN:127,(anonymous_15)
FN:127,(anonymous_16)
FN:134,(anonymous_17)
FNF:18
FNH:0
FNDA:0,(anonymous_0)
FNDA:0,(anonymous_1)
FNDA:0,(anonymous_2)
FNDA:0,(anonymous_3)
FNDA:0,(anonymous_4)
FNDA:0,(anonymous_5)
FNDA:0,(anonymous_6)
FNDA:0,(anonymous_7)
FNDA:0,(anonymous_8)
FNDA:0,(anonymous_9)
FNDA:0,(anonymous_10)
FNDA:0,(anonymous_11)
FNDA:0,(anonymous_12)
FNDA:0,(anonymous_13)
FNDA:0,(anonymous_14)
FNDA:0,(anonymous_15)
FNDA:0,(anonymous_16)
FNDA:0,(anonymous_17)
DA:17,1
DA:19,1
DA:32,0
DA:36,0
DA:41,0
DA:45,0
DA:49,0
DA:53,0
DA:57,0
DA:62,1
DA:64,0
DA:73,1
DA:74,0
DA:75,0
DA:76,0
DA:77,0
DA:79,0
DA:81,0
DA:86,1
DA:103,0
DA:104,0
DA:105,0
DA:106,0
DA:107,0
DA:109,0
DA:110,0
DA:116,1
DA:117,0
DA:118,0
DA:119,0
DA:120,0
DA:121,0
DA:123,0
DA:127,1
DA:128,0
DA:129,0
DA:130,0
DA:133,0
DA:134,0
DA:135,0
DA:143,1
LF:41
LH:8
BRF:0
BRH:0
end_of_record
TN:
SF:src/store/entities/PromotionSlice.ts
FN:20,(anonymous_0)
FN:24,(anonymous_1)
FN:33,(anonymous_2)
FN:33,(anonymous_3)
FNF:4
FNH:0
FNDA:0,(anonymous_0)
FNDA:0,(anonymous_1)
FNDA:0,(anonymous_2)
FNDA:0,(anonymous_3)
DA:13,1
DA:21,0
DA:25,0
DA:33,1
DA:34,0
DA:35,0
DA:36,0
DA:38,0
DA:39,0
DA:42,0
DA:46,1
LF:11
LH:3
BRF:0
BRH:0
end_of_record
TN:
SF:src/store/entities/reducer.ts
FNF:0
FNH:0
LF:0
LH:0
BRF:0
BRH:0
end_of_record
TN:
SF:src/store/ui/UI.ts
FN:27,(anonymous_0)
FN:30,(anonymous_1)
FN:34,(anonymous_2)
FN:38,(anonymous_3)
FN:42,(anonymous_4)
FN:47,(anonymous_5)
FN:51,(anonymous_6)
FN:56,(anonymous_7)
FN:61,(anonymous_8)
FN:65,(anonymous_9)
FN:69,(anonymous_10)
FN:73,(anonymous_11)
FNF:12
FNH:2
FNDA:0,(anonymous_0)
FNDA:0,(anonymous_1)
FNDA:1,(anonymous_2)
FNDA:1,(anonymous_3)
FNDA:0,(anonymous_4)
FNDA:0,(anonymous_5)
FNDA:0,(anonymous_6)
FNDA:0,(anonymous_7)
FNDA:0,(anonymous_8)
FNDA:0,(anonymous_9)
FNDA:0,(anonymous_10)
FNDA:0,(anonymous_11)
DA:15,1
DA:28,0
DA:31,0
DA:35,1
DA:39,1
DA:43,0
DA:48,0
DA:52,0
DA:53,0
DA:57,0
DA:58,0
DA:62,0
DA:66,0
DA:70,0
DA:74,0
DA:80,1
LF:16
LH:4
BRF:0
BRH:0
end_of_record
