TN:
SF:src/components/NoSearchResult.tsx
FN:4,NoSearchResult
FNF:1
FNH:1
FNDA:1,NoSearchResult
DA:5,1
DA:16,1
DA:22,1
LF:3
LH:3
BRDA:8,0,0,0
BRDA:8,0,1,1
BRF:2
BRH:1
end_of_record
TN:
SF:src/models/SecureStore.ts
FN:22,(anonymous_0)
FN:26,(anonymous_1)
FN:30,(anonymous_2)
FN:34,(anonymous_3)
FN:38,(anonymous_4)
FN:43,(anonymous_5)
FN:47,(anonymous_6)
FN:52,(anonymous_7)
FN:58,(anonymous_8)
FN:65,(anonymous_9)
FN:69,(anonymous_10)
FN:74,(anonymous_11)
FN:81,(anonymous_12)
FN:87,(anonymous_13)
FN:92,(anonymous_14)
FNF:15
FNH:3
FNDA:0,(anonymous_0)
FNDA:0,(anonymous_1)
FNDA:0,(anonymous_2)
FNDA:10,(anonymous_3)
FNDA:0,(anonymous_4)
FNDA:1,(anonymous_5)
FNDA:2,(anonymous_6)
FNDA:0,(anonymous_7)
FNDA:0,(anonymous_8)
FNDA:0,(anonymous_9)
FNDA:0,(anonymous_10)
FNDA:0,(anonymous_11)
FNDA:0,(anonymous_12)
FNDA:0,(anonymous_13)
FNDA:0,(anonymous_14)
DA:14,1
DA:15,1
DA:16,1
DA:17,1
DA:18,1
DA:19,1
DA:20,1
DA:23,0
DA:27,0
DA:31,0
DA:35,10
DA:39,0
DA:44,1
DA:48,2
DA:53,0
DA:54,0
DA:55,0
DA:59,0
DA:60,0
DA:61,0
DA:66,0
DA:70,0
DA:75,0
DA:76,0
DA:77,0
DA:82,0
DA:83,0
DA:84,0
DA:88,0
DA:93,0
DA:94,0
DA:95,0
LF:32
LH:10
BRDA:55,0,0,0
BRDA:55,0,1,0
BRDA:61,1,0,0
BRDA:61,1,1,0
BRDA:77,2,0,0
BRDA:77,2,1,0
BRDA:84,3,0,0
BRDA:84,3,1,0
BRDA:95,4,0,0
BRDA:95,4,1,0
BRF:10
BRH:0
end_of_record
TN:
SF:src/services/Auth.ts
FN:40,(anonymous_0)
FN:44,(anonymous_1)
FN:55,(anonymous_2)
FN:67,(anonymous_3)
FN:71,(anonymous_4)
FN:80,(anonymous_5)
FN:91,(anonymous_6)
FN:101,(anonymous_7)
FN:110,(anonymous_8)
FNF:9
FNH:3
FNDA:1,(anonymous_0)
FNDA:0,(anonymous_1)
FNDA:0,(anonymous_2)
FNDA:0,(anonymous_3)
FNDA:4,(anonymous_4)
FNDA:4,(anonymous_5)
FNDA:0,(anonymous_6)
FNDA:0,(anonymous_7)
FNDA:0,(anonymous_8)
DA:41,1
DA:45,0
DA:46,0
DA:47,0
DA:48,0
DA:50,0
DA:57,0
DA:58,0
DA:59,0
DA:60,0
DA:62,0
DA:68,0
DA:72,4
DA:73,4
DA:74,0
DA:76,4
DA:81,4
DA:82,4
DA:83,4
DA:84,4
DA:85,4
DA:87,0
DA:92,0
DA:93,0
DA:94,0
DA:96,0
DA:97,0
DA:102,0
DA:103,0
DA:104,0
DA:106,0
DA:111,0
DA:112,0
DA:113,0
DA:114,0
DA:116,0
LF:36
LH:9
BRF:0
BRH:0
end_of_record
TN:
SF:src/services/DiscountService.ts
FN:11,(anonymous_0)
FN:15,(anonymous_1)
FN:27,(anonymous_2)
FN:37,(anonymous_3)
FN:51,(anonymous_4)
FNF:5
FNH:5
FNDA:1,(anonymous_0)
FNDA:1,(anonymous_1)
FNDA:1,(anonymous_2)
FNDA:2,(anonymous_3)
FNDA:2,(anonymous_4)
DA:12,1
DA:16,1
DA:17,1
DA:19,1
DA:20,1
DA:22,0
DA:23,0
DA:28,1
DA:29,1
DA:30,1
DA:32,0
DA:38,2
DA:39,2
DA:40,2
DA:43,2
DA:44,2
DA:46,0
DA:47,0
DA:52,2
DA:53,2
DA:54,2
DA:55,1
DA:57,1
LF:23
LH:18
BRF:0
BRH:0
end_of_record
TN:
SF:src/services/GiftService.ts
FN:7,(anonymous_0)
FN:11,(anonymous_1)
FNF:2
FNH:1
FNDA:1,(anonymous_0)
FNDA:0,(anonymous_1)
DA:8,1
DA:12,0
DA:13,0
DA:14,0
DA:15,0
DA:17,0
DA:18,0
LF:7
LH:1
BRF:0
BRH:0
end_of_record
TN:
SF:src/services/Https.ts
FN:12,(anonymous_0)
FN:17,(anonymous_1)
FN:23,(anonymous_2)
FNF:3
FNH:2
FNDA:6,(anonymous_0)
FNDA:0,(anonymous_1)
FNDA:6,(anonymous_2)
DA:6,6
DA:7,6
DA:8,6
DA:9,6
DA:10,6
DA:13,6
DA:14,6
DA:18,0
DA:24,6
DA:25,6
LF:10
LH:9
BRF:0
BRH:0
end_of_record
TN:
SF:src/services/LoyaltyService.ts
FN:9,(anonymous_0)
FN:13,(anonymous_1)
FN:26,(anonymous_2)
FN:35,(anonymous_3)
FN:48,(anonymous_4)
FN:58,(anonymous_5)
FNF:6
FNH:1
FNDA:1,(anonymous_0)
FNDA:0,(anonymous_1)
FNDA:0,(anonymous_2)
FNDA:0,(anonymous_3)
FNDA:0,(anonymous_4)
FNDA:0,(anonymous_5)
DA:10,1
DA:14,0
DA:15,0
DA:16,0
DA:18,0
DA:20,0
DA:21,0
DA:27,0
DA:28,0
DA:29,0
DA:31,0
DA:36,0
DA:37,0
DA:38,0
DA:39,0
DA:40,0
DA:42,0
DA:43,0
DA:49,0
DA:50,0
DA:51,0
DA:52,0
DA:54,0
DA:59,0
DA:60,0
DA:61,0
DA:63,0
DA:64,0
LF:28
LH:1
BRF:0
BRH:0
end_of_record
TN:
SF:src/services/ProductAuthService.tsx
FN:6,(anonymous_0)
FN:15,(anonymous_1)
FNF:2
FNH:0
FNDA:0,(anonymous_0)
FNDA:0,(anonymous_1)
DA:7,0
DA:8,0
DA:9,0
DA:11,0
DA:16,0
DA:17,0
DA:19,0
LF:7
LH:0
BRF:0
BRH:0
end_of_record
TN:
SF:src/services/PromotionService.ts
FN:6,(anonymous_0)
FN:16,(anonymous_1)
FN:25,(anonymous_2)
FNF:3
FNH:0
FNDA:0,(anonymous_0)
FNDA:0,(anonymous_1)
FNDA:0,(anonymous_2)
DA:7,0
DA:8,0
DA:9,0
DA:12,0
DA:17,0
DA:18,0
DA:19,0
DA:21,0
DA:26,0
DA:27,0
DA:28,0
DA:31,0
LF:12
LH:0
BRF:0
BRH:0
end_of_record
TN:
SF:src/store/RootReducer.ts
FNF:0
FNH:0
LF:0
LH:0
BRF:0
BRH:0
end_of_record
TN:
SF:src/store/Store.ts
FNF:0
FNH:0
DA:3,1
LF:1
LH:1
BRF:0
BRH:0
end_of_record
TN:
SF:src/store/auth/AuthSlice.ts
FN:22,(anonymous_0)
FN:25,(anonymous_1)
FN:29,(anonymous_2)
FN:37,(anonymous_3)
FN:37,(anonymous_4)
FNF:5
FNH:0
FNDA:0,(anonymous_0)
FNDA:0,(anonymous_1)
FNDA:0,(anonymous_2)
FNDA:0,(anonymous_3)
FNDA:0,(anonymous_4)
DA:12,1
DA:14,1
DA:23,0
DA:26,0
DA:30,0
DA:37,1
DA:38,0
DA:39,0
DA:41,1
LF:9
LH:4
BRF:0
BRH:0
end_of_record
TN:
SF:src/store/entities/DiscountSlice.ts
FN:31,(anonymous_0)
FN:36,(anonymous_1)
FN:40,(anonymous_2)
FN:44,(anonymous_3)
FN:48,(anonymous_4)
FN:54,(anonymous_5)
FN:54,(anonymous_6)
FN:66,(anonymous_7)
FN:66,(anonymous_8)
FN:68,(anonymous_9)
FN:72,(anonymous_10)
FN:89,(anonymous_11)
FN:89,(anonymous_12)
FN:102,(anonymous_13)
FN:102,(anonymous_14)
FN:108,(anonymous_15)
FNF:16
FNH:14
FNDA:1,(anonymous_0)
FNDA:1,(anonymous_1)
FNDA:2,(anonymous_2)
FNDA:1,(anonymous_3)
FNDA:1,(anonymous_4)
FNDA:1,(anonymous_5)
FNDA:1,(anonymous_6)
FNDA:2,(anonymous_7)
FNDA:2,(anonymous_8)
FNDA:1,(anonymous_9)
FNDA:0,(anonymous_10)
FNDA:2,(anonymous_11)
FNDA:2,(anonymous_12)
FNDA:2,(anonymous_13)
FNDA:2,(anonymous_14)
FNDA:0,(anonymous_15)
DA:16,1
DA:18,1
DA:32,1
DA:37,1
DA:41,2
DA:45,1
DA:49,1
DA:54,1
DA:55,1
DA:57,1
DA:59,1
DA:61,1
DA:66,2
DA:67,2
DA:68,2
DA:69,2
DA:70,1
DA:72,1
DA:73,0
DA:75,1
DA:78,1
DA:79,1
DA:80,1
DA:81,1
DA:82,1
DA:84,0
DA:85,0
DA:89,2
DA:90,2
DA:91,2
DA:92,2
DA:93,2
DA:94,2
DA:96,0
DA:102,2
DA:103,2
DA:104,2
DA:105,1
DA:107,1
DA:108,1
DA:109,0
DA:117,1
LF:42
LH:37
BRDA:68,0,0,1
BRDA:68,0,1,0
BRDA:69,1,0,1
BRDA:69,1,1,1
BRF:4
BRH:3
end_of_record
TN:
SF:src/store/entities/GiftSlice.ts
FN:29,(anonymous_0)
FN:33,(anonymous_1)
FN:37,(anonymous_2)
FN:38,(anonymous_3)
FN:41,(anonymous_4)
FN:47,(anonymous_5)
FN:55,(anonymous_6)
FN:55,(anonymous_7)
FNF:8
FNH:0
FNDA:0,(anonymous_0)
FNDA:0,(anonymous_1)
FNDA:0,(anonymous_2)
FNDA:0,(anonymous_3)
FNDA:0,(anonymous_4)
FNDA:0,(anonymous_5)
FNDA:0,(anonymous_6)
FNDA:0,(anonymous_7)
DA:21,1
DA:30,0
DA:34,0
DA:38,0
DA:39,0
DA:40,0
DA:41,0
DA:48,0
DA:55,1
DA:56,0
DA:57,0
DA:58,0
DA:59,0
DA:63,1
LF:14
LH:3
BRDA:39,0,0,0
BRDA:39,0,1,0
BRF:2
BRH:0
end_of_record
TN:
SF:src/store/entities/LoyaltySlice.ts
FN:29,(anonymous_0)
FN:33,(anonymous_1)
FN:38,(anonymous_2)
FN:42,(anonymous_3)
FN:46,(anonymous_4)
FN:50,(anonymous_5)
FN:54,(anonymous_6)
FN:60,(anonymous_7)
FN:60,(anonymous_8)
FN:71,(anonymous_9)
FN:71,(anonymous_10)
FN:84,(anonymous_11)
FN:84,(anonymous_12)
FN:114,(anonymous_13)
FN:114,(anonymous_14)
FN:125,(anonymous_15)
FN:125,(anonymous_16)
FN:132,(anonymous_17)
FNF:18
FNH:0
FNDA:0,(anonymous_0)
FNDA:0,(anonymous_1)
FNDA:0,(anonymous_2)
FNDA:0,(anonymous_3)
FNDA:0,(anonymous_4)
FNDA:0,(anonymous_5)
FNDA:0,(anonymous_6)
FNDA:0,(anonymous_7)
FNDA:0,(anonymous_8)
FNDA:0,(anonymous_9)
FNDA:0,(anonymous_10)
FNDA:0,(anonymous_11)
FNDA:0,(anonymous_12)
FNDA:0,(anonymous_13)
FNDA:0,(anonymous_14)
FNDA:0,(anonymous_15)
FNDA:0,(anonymous_16)
FNDA:0,(anonymous_17)
DA:15,1
DA:17,1
DA:30,0
DA:34,0
DA:39,0
DA:43,0
DA:47,0
DA:51,0
DA:55,0
DA:60,1
DA:62,0
DA:71,1
DA:72,0
DA:73,0
DA:74,0
DA:75,0
DA:77,0
DA:79,0
DA:84,1
DA:101,0
DA:102,0
DA:103,0
DA:104,0
DA:105,0
DA:107,0
DA:108,0
DA:114,1
DA:115,0
DA:116,0
DA:117,0
DA:118,0
DA:119,0
DA:121,0
DA:125,1
DA:126,0
DA:127,0
DA:128,0
DA:131,0
DA:132,0
DA:133,0
DA:141,1
LF:41
LH:8
BRF:0
BRH:0
end_of_record
TN:
SF:src/store/entities/ProductAuthSlice.ts
FN:20,(anonymous_0)
FN:23,(anonymous_1)
FN:32,(anonymous_2)
FN:32,(anonymous_3)
FNF:4
FNH:0
FNDA:0,(anonymous_0)
FNDA:0,(anonymous_1)
FNDA:0,(anonymous_2)
FNDA:0,(anonymous_3)
DA:12,1
DA:13,1
DA:21,0
DA:24,0
DA:32,1
DA:33,0
DA:34,0
DA:35,0
DA:36,0
DA:37,0
DA:39,0
DA:43,1
LF:12
LH:4
BRF:0
BRH:0
end_of_record
TN:
SF:src/store/entities/PromotionSlice.ts
FN:21,(anonymous_0)
FN:26,(anonymous_1)
FN:35,(anonymous_2)
FN:35,(anonymous_3)
FNF:4
FNH:0
FNDA:0,(anonymous_0)
FNDA:0,(anonymous_1)
FNDA:0,(anonymous_2)
FNDA:0,(anonymous_3)
DA:14,1
DA:22,0
DA:27,0
DA:35,1
DA:36,0
DA:37,0
DA:38,0
DA:40,0
DA:41,0
DA:44,0
DA:48,1
LF:11
LH:3
BRF:0
BRH:0
end_of_record
TN:
SF:src/store/entities/reducer.ts
FNF:0
FNH:0
LF:0
LH:0
BRF:0
BRH:0
end_of_record
TN:
SF:src/store/ui/UI.ts
FN:29,(anonymous_0)
FN:32,(anonymous_1)
FN:36,(anonymous_2)
FN:40,(anonymous_3)
FN:44,(anonymous_4)
FN:49,(anonymous_5)
FN:53,(anonymous_6)
FN:58,(anonymous_7)
FN:63,(anonymous_8)
FN:67,(anonymous_9)
FN:71,(anonymous_10)
FN:75,(anonymous_11)
FN:79,(anonymous_12)
FN:83,(anonymous_13)
FNF:14
FNH:3
FNDA:0,(anonymous_0)
FNDA:0,(anonymous_1)
FNDA:4,(anonymous_2)
FNDA:4,(anonymous_3)
FNDA:0,(anonymous_4)
FNDA:0,(anonymous_5)
FNDA:2,(anonymous_6)
FNDA:0,(anonymous_7)
FNDA:0,(anonymous_8)
FNDA:0,(anonymous_9)
FNDA:0,(anonymous_10)
FNDA:0,(anonymous_11)
FNDA:0,(anonymous_12)
FNDA:0,(anonymous_13)
DA:16,1
DA:30,0
DA:33,0
DA:37,4
DA:41,4
DA:45,0
DA:50,0
DA:54,2
DA:55,2
DA:59,0
DA:60,0
DA:64,0
DA:68,0
DA:72,0
DA:76,0
DA:80,0
DA:84,0
DA:90,1
LF:18
LH:6
BRF:0
BRH:0
end_of_record
